
(base) C:\Users\duquet\Documents\GitHub\ARM-TestOracleGeneration\StackClass-JavaCode>call fullrun.bat experiment.drivers AlejaStack 0 10000 

(base) C:\Users\duquet\Documents\GitHub\ARM-TestOracleGeneration\StackClass-JavaCode>REM call randoop-call.bat experiment.drivers AlejaStack 0 10000 

(base) C:\Users\duquet\Documents\GitHub\ARM-TestOracleGeneration\StackClass-JavaCode>call testsuite.bat experiment.drivers AlejaStack 0 10000 

(base) C:\Users\duquet\Documents\GitHub\ARM-TestOracleGeneration\StackClass-JavaCode>set package=experiment.drivers 

(base) C:\Users\duquet\Documents\GitHub\ARM-TestOracleGeneration\StackClass-JavaCode>set testclasspath=experiment\drivers 

(base) C:\Users\duquet\Documents\GitHub\ARM-TestOracleGeneration\StackClass-JavaCode>javac -d .\target\test-classes -classpath .;C:\Users\duquet\Documents\Install\junit-4.13.jar;target\classes\;target\test-classes\ src\test\java\experiment\drivers\test\RegressionTest-3\*_AlejaStackTest_0_10000_*.java 

(base) C:\Users\duquet\Documents\GitHub\ARM-TestOracleGeneration\StackClass-JavaCode>java -Dseed=0 -Dlimit=10000 -classpath .;;C:\Users\duquet\Documents\Install\junit-4.13.jar;C:\Users\duquet\Documents\Install\hamcrest-core-1.3.jar;target\classes\;target\test-classes\ org.junit.runner.JUnitCore experiment.drivers.test.Regression_AlejaStackTest_0_10000_ 
JUnit version 4.13
..E.E..E.E....E.E..E.E..E...E..E...E..E....E.E.E..E.E...E.........E..E.E.E...E..E...E....E.E..E.E..E.E.E.E.E..E..E.........E.E...E........E...........E..E..E.....E..E........E..E.E...E.E.E....E..E............E..E..E.E.E..E.........E.E....E.......E..E.....E...E...E.E........E........E..E...E...E..E......E.E.E.................E....E.E..E.........E...E.E.E...E......E............E.E........E..E...E..........E..E....E..E.E....E....E.....E...E...E..E.E...E.E......E..E.....E...E..E..E.............E..E..E.E..E....E..E.E.......E.....E...E..E....E..E......E..E....E..E....E..E....E.........E.E....E.E....E..E...E..E...E...E.....E..E..E.E.E.E...E...E.E..E....E.E.E......E..E.......E.....E...........E........E.....E.E...E.E.....E.....E.......E.........E.......E...E..E..........E...E...E..E.E.E.E...E...E.E....E..E....E.E...E.....E...E....................E...E.....E.E.E....E...E.E..E.E.........E.E..E............E......E....E...E..E.E.E.....E.E...E................E...E..E.........E...E...E..E.........E.E.....E..E.......E.E...E.E.........E.E..E.E...E.....E.E.....E...E..E........E.E......E...............E.E........E..E........E.E............E.E..E.E........E...........E.....E......E..........E.E..............E..E.E.E.....E.......E.E..E.............E.E.....................E...E....E......E..E.E.........E.....E..E.E.......E..........E.E............E........E.E..............E.......E..E...E..........E.E............E.......E........E......E.E.....E.E..............E..E.......E............E.E......E..E......E..E..................E.............E..........E....E..E.......E...E.E....E...E......E.E..E.........E.E...............E.E..E.E....E...E.......E.......E..E..E.....E......E.....E....E..E...E......E.....E...E......E......E..E.....E...E.........E...E....E...E..E.E..E.....E..E....E.....E.....E.....E.E..E.E.E.E...............E...E......E................E...E...........E...E..E....................E..E..E..........E...E..E.E........E.......E.E.E.E....E...E....E...E.....E.E.......E...........E...E...E..........E....E...E....E.......E......................E.E....E.E.....E....E...E..............E...........E..........E.....E....E...E..E..E...........E...E.............E.........E...........E.E..E.E.....E.....E.....E....E..E.......E...E...........E....E....E...E...E...E......E.E..................E......E....E..E.E.........E.....E..E....E....E...E......E........E......E.....E............E...........E.E.E.E........E............E.E..E..E..E.E.....E....E....E....E...........E....E...E.E....E.....E......E.E.
Time: 1.834
There were 475 failures:
1) test0002(experiment.drivers.test.Regression_AlejaStackTest_0_10000_0)
java.lang.IndexOutOfBoundsException
	at experiment.util.ArrayList.remove(ArrayList.java:144)
	at experiment.util.Stack.pop(Stack.java:51)
	at experiment.drivers.AlejaStackTestDriver.pop(AlejaStackTestDriver.java:47)
	at experiment.drivers.test.Regression_AlejaStackTest_0_10000_0.test0002(Regression_AlejaStackTest_0_10000_0.java:47)
2) test0003(experiment.drivers.test.Regression_AlejaStackTest_0_10000_0)
java.lang.IndexOutOfBoundsException
	at experiment.util.ArrayList.remove(ArrayList.java:144)
	at experiment.util.Stack.pop(Stack.java:51)
	at experiment.drivers.AlejaStackTestDriver.pop(AlejaStackTestDriver.java:47)
	at experiment.drivers.test.Regression_AlejaStackTest_0_10000_0.test0003(Regression_AlejaStackTest_0_10000_0.java:65)
3) test0005(experiment.drivers.test.Regression_AlejaStackTest_0_10000_0)
java.lang.IndexOutOfBoundsException
	at experiment.util.ArrayList.remove(ArrayList.java:144)
	at experiment.util.Stack.pop(Stack.java:51)
	at experiment.drivers.AlejaStackTestDriver.pop(AlejaStackTestDriver.java:47)
	at experiment.drivers.test.Regression_AlejaStackTest_0_10000_0.test0005(Regression_AlejaStackTest_0_10000_0.java:106)
4) test0006(experiment.drivers.test.Regression_AlejaStackTest_0_10000_0)
java.lang.IndexOutOfBoundsException
	at experiment.util.ArrayList.remove(ArrayList.java:144)
	at experiment.util.Stack.pop(Stack.java:51)
	at experiment.drivers.AlejaStackTestDriver.pop(AlejaStackTestDriver.java:47)
	at experiment.drivers.test.Regression_AlejaStackTest_0_10000_0.test0006(Regression_AlejaStackTest_0_10000_0.java:123)
5) test0010(experiment.drivers.test.Regression_AlejaStackTest_0_10000_0)
java.lang.IndexOutOfBoundsException
	at experiment.util.ArrayList.remove(ArrayList.java:144)
	at experiment.util.Stack.pop(Stack.java:51)
	at experiment.drivers.AlejaStackTestDriver.pop(AlejaStackTestDriver.java:47)
	at experiment.drivers.test.Regression_AlejaStackTest_0_10000_0.test0010(Regression_AlejaStackTest_0_10000_0.java:185)
6) test0011(experiment.drivers.test.Regression_AlejaStackTest_0_10000_0)
java.lang.IndexOutOfBoundsException
	at experiment.util.ArrayList.remove(ArrayList.java:144)
	at experiment.util.Stack.pop(Stack.java:51)
	at experiment.drivers.AlejaStackTestDriver.pop(AlejaStackTestDriver.java:47)
	at experiment.drivers.test.Regression_AlejaStackTest_0_10000_0.test0011(Regression_AlejaStackTest_0_10000_0.java:205)
7) test0013(experiment.drivers.test.Regression_AlejaStackTest_0_10000_0)
java.lang.IndexOutOfBoundsException
	at experiment.util.ArrayList.remove(ArrayList.java:144)
	at experiment.util.Stack.pop(Stack.java:51)
	at experiment.drivers.AlejaStackTestDriver.pop(AlejaStackTestDriver.java:47)
	at experiment.drivers.test.Regression_AlejaStackTest_0_10000_0.test0013(Regression_AlejaStackTest_0_10000_0.java:243)
8) test0014(experiment.drivers.test.Regression_AlejaStackTest_0_10000_0)
java.lang.AssertionError: Expected exception of type experiment.util.EmptyStackException; message: null
	at org.junit.Assert.fail(Assert.java:89)
	at experiment.drivers.test.Regression_AlejaStackTest_0_10000_0.test0014(Regression_AlejaStackTest_0_10000_0.java:266)
9) test0016(experiment.drivers.test.Regression_AlejaStackTest_0_10000_0)
java.lang.IndexOutOfBoundsException
	at experiment.util.ArrayList.remove(ArrayList.java:144)
	at experiment.util.Stack.pop(Stack.java:51)
	at experiment.drivers.AlejaStackTestDriver.pop(AlejaStackTestDriver.java:47)
	at experiment.drivers.test.Regression_AlejaStackTest_0_10000_0.test0016(Regression_AlejaStackTest_0_10000_0.java:313)
10) test0019(experiment.drivers.test.Regression_AlejaStackTest_0_10000_0)
java.lang.AssertionError: Expected exception of type experiment.util.EmptyStackException; message: null
	at org.junit.Assert.fail(Assert.java:89)
	at experiment.drivers.test.Regression_AlejaStackTest_0_10000_0.test0019(Regression_AlejaStackTest_0_10000_0.java:401)
11) test0021(experiment.drivers.test.Regression_AlejaStackTest_0_10000_0)
java.lang.IndexOutOfBoundsException
	at experiment.util.ArrayList.remove(ArrayList.java:144)
	at experiment.util.Stack.pop(Stack.java:51)
	at experiment.drivers.AlejaStackTestDriver.pop(AlejaStackTestDriver.java:47)
	at experiment.drivers.test.Regression_AlejaStackTest_0_10000_0.test0021(Regression_AlejaStackTest_0_10000_0.java:447)
12) test0024(experiment.drivers.test.Regression_AlejaStackTest_0_10000_0)
java.lang.AssertionError: Expected exception of type experiment.util.EmptyStackException; message: null
	at org.junit.Assert.fail(Assert.java:89)
	at experiment.drivers.test.Regression_AlejaStackTest_0_10000_0.test0024(Regression_AlejaStackTest_0_10000_0.java:606)
13) test0026(experiment.drivers.test.Regression_AlejaStackTest_0_10000_0)
java.lang.IndexOutOfBoundsException
	at experiment.util.ArrayList.remove(ArrayList.java:144)
	at experiment.util.Stack.pop(Stack.java:51)
	at experiment.drivers.AlejaStackTestDriver.pop(AlejaStackTestDriver.java:47)
	at experiment.drivers.test.Regression_AlejaStackTest_0_10000_0.test0026(Regression_AlejaStackTest_0_10000_0.java:700)
14) test0030(experiment.drivers.test.Regression_AlejaStackTest_0_10000_0)
java.lang.IndexOutOfBoundsException
	at experiment.util.ArrayList.remove(ArrayList.java:144)
	at experiment.util.Stack.pop(Stack.java:51)
	at experiment.drivers.AlejaStackTestDriver.pop(AlejaStackTestDriver.java:47)
	at experiment.drivers.test.Regression_AlejaStackTest_0_10000_0.test0030(Regression_AlejaStackTest_0_10000_0.java:841)
15) test0031(experiment.drivers.test.Regression_AlejaStackTest_0_10000_0)
java.lang.IndexOutOfBoundsException
	at experiment.util.ArrayList.remove(ArrayList.java:144)
	at experiment.util.Stack.pop(Stack.java:51)
	at experiment.drivers.AlejaStackTestDriver.pop(AlejaStackTestDriver.java:47)
	at experiment.drivers.test.Regression_AlejaStackTest_0_10000_0.test0031(Regression_AlejaStackTest_0_10000_0.java:862)
16) test0032(experiment.drivers.test.Regression_AlejaStackTest_0_10000_0)
java.lang.IndexOutOfBoundsException
	at experiment.util.ArrayList.remove(ArrayList.java:144)
	at experiment.util.Stack.pop(Stack.java:51)
	at experiment.drivers.AlejaStackTestDriver.pop(AlejaStackTestDriver.java:47)
	at experiment.drivers.test.Regression_AlejaStackTest_0_10000_0.test0032(Regression_AlejaStackTest_0_10000_0.java:885)
17) test0034(experiment.drivers.test.Regression_AlejaStackTest_0_10000_0)
java.lang.IndexOutOfBoundsException
	at experiment.util.ArrayList.remove(ArrayList.java:144)
	at experiment.util.Stack.pop(Stack.java:51)
	at experiment.drivers.AlejaStackTestDriver.pop(AlejaStackTestDriver.java:47)
	at experiment.drivers.test.Regression_AlejaStackTest_0_10000_0.test0034(Regression_AlejaStackTest_0_10000_0.java:946)
18) test0035(experiment.drivers.test.Regression_AlejaStackTest_0_10000_0)
java.lang.AssertionError: Expected exception of type experiment.util.EmptyStackException; message: null
	at org.junit.Assert.fail(Assert.java:89)
	at experiment.drivers.test.Regression_AlejaStackTest_0_10000_0.test0035(Regression_AlejaStackTest_0_10000_0.java:985)
19) test0038(experiment.drivers.test.Regression_AlejaStackTest_0_10000_0)
java.lang.IndexOutOfBoundsException
	at experiment.util.ArrayList.remove(ArrayList.java:144)
	at experiment.util.Stack.pop(Stack.java:51)
	at experiment.drivers.AlejaStackTestDriver.pop(AlejaStackTestDriver.java:47)
	at experiment.drivers.test.Regression_AlejaStackTest_0_10000_0.test0038(Regression_AlejaStackTest_0_10000_0.java:1066)
20) test0047(experiment.drivers.test.Regression_AlejaStackTest_0_10000_0)
java.lang.AssertionError: Expected exception of type experiment.util.EmptyStackException; message: null
	at org.junit.Assert.fail(Assert.java:89)
	at experiment.drivers.test.Regression_AlejaStackTest_0_10000_0.test0047(Regression_AlejaStackTest_0_10000_0.java:1637)
21) test0049(experiment.drivers.test.Regression_AlejaStackTest_0_10000_0)
java.lang.AssertionError: Expected exception of type experiment.util.EmptyStackException; message: null
	at org.junit.Assert.fail(Assert.java:89)
	at experiment.drivers.test.Regression_AlejaStackTest_0_10000_0.test0049(Regression_AlejaStackTest_0_10000_0.java:1767)
22) test0050(experiment.drivers.test.Regression_AlejaStackTest_0_10000_0)
java.lang.AssertionError: Expected exception of type experiment.util.EmptyStackException; message: null
	at org.junit.Assert.fail(Assert.java:89)
	at experiment.drivers.test.Regression_AlejaStackTest_0_10000_0.test0050(Regression_AlejaStackTest_0_10000_0.java:1795)
23) test0051(experiment.drivers.test.Regression_AlejaStackTest_0_10000_0)
java.lang.AssertionError: Expected exception of type experiment.util.EmptyStackException; message: null
	at org.junit.Assert.fail(Assert.java:89)
	at experiment.drivers.test.Regression_AlejaStackTest_0_10000_0.test0051(Regression_AlejaStackTest_0_10000_0.java:1885)
24) test0054(experiment.drivers.test.Regression_AlejaStackTest_0_10000_0)
java.lang.AssertionError: Expected exception of type experiment.util.EmptyStackException; message: null
	at org.junit.Assert.fail(Assert.java:89)
	at experiment.drivers.test.Regression_AlejaStackTest_0_10000_0.test0054(Regression_AlejaStackTest_0_10000_0.java:2134)
25) test0056(experiment.drivers.test.Regression_AlejaStackTest_0_10000_0)
java.lang.AssertionError: Expected exception of type experiment.util.EmptyStackException; message: null
	at org.junit.Assert.fail(Assert.java:89)
	at experiment.drivers.test.Regression_AlejaStackTest_0_10000_0.test0056(Regression_AlejaStackTest_0_10000_0.java:2239)
26) test0059(experiment.drivers.test.Regression_AlejaStackTest_0_10000_0)
java.lang.AssertionError: Expected exception of type experiment.util.EmptyStackException; message: null
	at org.junit.Assert.fail(Assert.java:89)
	at experiment.drivers.test.Regression_AlejaStackTest_0_10000_0.test0059(Regression_AlejaStackTest_0_10000_0.java:2413)
27) test0063(experiment.drivers.test.Regression_AlejaStackTest_0_10000_0)
java.lang.IndexOutOfBoundsException
	at experiment.util.ArrayList.remove(ArrayList.java:144)
	at experiment.util.Stack.pop(Stack.java:51)
	at experiment.drivers.AlejaStackTestDriver.pop(AlejaStackTestDriver.java:47)
	at experiment.drivers.test.Regression_AlejaStackTest_0_10000_0.test0063(Regression_AlejaStackTest_0_10000_0.java:2660)
28) test0064(experiment.drivers.test.Regression_AlejaStackTest_0_10000_0)
java.lang.IndexOutOfBoundsException
	at experiment.util.ArrayList.remove(ArrayList.java:144)
	at experiment.util.Stack.pop(Stack.java:51)
	at experiment.drivers.AlejaStackTestDriver.pop(AlejaStackTestDriver.java:47)
	at experiment.drivers.test.Regression_AlejaStackTest_0_10000_0.test0064(Regression_AlejaStackTest_0_10000_0.java:2682)
29) test0066(experiment.drivers.test.Regression_AlejaStackTest_0_10000_0)
java.lang.IndexOutOfBoundsException
	at experiment.util.ArrayList.remove(ArrayList.java:144)
	at experiment.util.Stack.pop(Stack.java:51)
	at experiment.drivers.AlejaStackTestDriver.pop(AlejaStackTestDriver.java:47)
	at experiment.drivers.test.Regression_AlejaStackTest_0_10000_0.test0066(Regression_AlejaStackTest_0_10000_0.java:2749)
30) test0067(experiment.drivers.test.Regression_AlejaStackTest_0_10000_0)
java.lang.IndexOutOfBoundsException
	at experiment.util.ArrayList.remove(ArrayList.java:144)
	at experiment.util.Stack.pop(Stack.java:51)
	at experiment.drivers.AlejaStackTestDriver.pop(AlejaStackTestDriver.java:47)
	at experiment.drivers.test.Regression_AlejaStackTest_0_10000_0.test0067(Regression_AlejaStackTest_0_10000_0.java:2825)
31) test0069(experiment.drivers.test.Regression_AlejaStackTest_0_10000_0)
java.lang.IndexOutOfBoundsException
	at experiment.util.ArrayList.remove(ArrayList.java:144)
	at experiment.util.Stack.pop(Stack.java:51)
	at experiment.drivers.AlejaStackTestDriver.pop(AlejaStackTestDriver.java:47)
	at experiment.drivers.test.Regression_AlejaStackTest_0_10000_0.test0069(Regression_AlejaStackTest_0_10000_0.java:2905)
32) test0070(experiment.drivers.test.Regression_AlejaStackTest_0_10000_0)
java.lang.IndexOutOfBoundsException
	at experiment.util.ArrayList.remove(ArrayList.java:144)
	at experiment.util.Stack.pop(Stack.java:51)
	at experiment.drivers.AlejaStackTestDriver.pop(AlejaStackTestDriver.java:47)
	at experiment.drivers.test.Regression_AlejaStackTest_0_10000_0.test0070(Regression_AlejaStackTest_0_10000_0.java:2936)
33) test0071(experiment.drivers.test.Regression_AlejaStackTest_0_10000_0)
java.lang.IndexOutOfBoundsException
	at experiment.util.ArrayList.remove(ArrayList.java:144)
	at experiment.util.Stack.pop(Stack.java:51)
	at experiment.drivers.AlejaStackTestDriver.pop(AlejaStackTestDriver.java:47)
	at experiment.drivers.test.Regression_AlejaStackTest_0_10000_0.test0071(Regression_AlejaStackTest_0_10000_0.java:2963)
34) test0072(experiment.drivers.test.Regression_AlejaStackTest_0_10000_0)
java.lang.AssertionError: Expected exception of type experiment.util.EmptyStackException; message: null
	at org.junit.Assert.fail(Assert.java:89)
	at experiment.drivers.test.Regression_AlejaStackTest_0_10000_0.test0072(Regression_AlejaStackTest_0_10000_0.java:3017)
35) test0073(experiment.drivers.test.Regression_AlejaStackTest_0_10000_0)
java.lang.AssertionError: Expected exception of type experiment.util.EmptyStackException; message: null
	at org.junit.Assert.fail(Assert.java:89)
	at experiment.drivers.test.Regression_AlejaStackTest_0_10000_0.test0073(Regression_AlejaStackTest_0_10000_0.java:3067)
36) test0075(experiment.drivers.test.Regression_AlejaStackTest_0_10000_0)
java.lang.AssertionError: Expected exception of type experiment.util.EmptyStackException; message: null
	at org.junit.Assert.fail(Assert.java:89)
	at experiment.drivers.test.Regression_AlejaStackTest_0_10000_0.test0075(Regression_AlejaStackTest_0_10000_0.java:3237)
37) test0077(experiment.drivers.test.Regression_AlejaStackTest_0_10000_0)
java.lang.IndexOutOfBoundsException
	at experiment.util.ArrayList.remove(ArrayList.java:144)
	at experiment.util.Stack.pop(Stack.java:51)
	at experiment.drivers.AlejaStackTestDriver.pop(AlejaStackTestDriver.java:47)
	at experiment.drivers.test.Regression_AlejaStackTest_0_10000_0.test0077(Regression_AlejaStackTest_0_10000_0.java:3479)
38) test0086(experiment.drivers.test.Regression_AlejaStackTest_0_10000_0)
java.lang.AssertionError: Expected exception of type experiment.util.EmptyStackException; message: null
	at org.junit.Assert.fail(Assert.java:89)
	at experiment.drivers.test.Regression_AlejaStackTest_0_10000_0.test0086(Regression_AlejaStackTest_0_10000_0.java:4281)
39) test0087(experiment.drivers.test.Regression_AlejaStackTest_0_10000_0)
java.lang.AssertionError: Expected exception of type experiment.util.EmptyStackException; message: null
	at org.junit.Assert.fail(Assert.java:89)
	at experiment.drivers.test.Regression_AlejaStackTest_0_10000_0.test0087(Regression_AlejaStackTest_0_10000_0.java:4336)
40) test0090(experiment.drivers.test.Regression_AlejaStackTest_0_10000_0)
java.lang.AssertionError: Expected exception of type experiment.util.EmptyStackException; message: null
	at org.junit.Assert.fail(Assert.java:89)
	at experiment.drivers.test.Regression_AlejaStackTest_0_10000_0.test0090(Regression_AlejaStackTest_0_10000_0.java:4539)
41) test0098(experiment.drivers.test.Regression_AlejaStackTest_0_10000_0)
java.lang.AssertionError: Expected exception of type experiment.util.EmptyStackException; message: null
	at org.junit.Assert.fail(Assert.java:89)
	at experiment.drivers.test.Regression_AlejaStackTest_0_10000_0.test0098(Regression_AlejaStackTest_0_10000_0.java:5117)
42) test0109(experiment.drivers.test.Regression_AlejaStackTest_0_10000_0)
java.lang.AssertionError: Expected exception of type experiment.util.EmptyStackException; message: null
	at org.junit.Assert.fail(Assert.java:89)
	at experiment.drivers.test.Regression_AlejaStackTest_0_10000_0.test0109(Regression_AlejaStackTest_0_10000_0.java:6085)
43) test0111(experiment.drivers.test.Regression_AlejaStackTest_0_10000_0)
java.lang.IndexOutOfBoundsException
	at experiment.util.ArrayList.remove(ArrayList.java:144)
	at experiment.util.Stack.pop(Stack.java:51)
	at experiment.drivers.AlejaStackTestDriver.pop(AlejaStackTestDriver.java:47)
	at experiment.drivers.test.Regression_AlejaStackTest_0_10000_0.test0111(Regression_AlejaStackTest_0_10000_0.java:6219)
44) test0113(experiment.drivers.test.Regression_AlejaStackTest_0_10000_0)
java.lang.AssertionError: Expected exception of type experiment.util.EmptyStackException; message: null
	at org.junit.Assert.fail(Assert.java:89)
	at experiment.drivers.test.Regression_AlejaStackTest_0_10000_0.test0113(Regression_AlejaStackTest_0_10000_0.java:6402)
45) test0118(experiment.drivers.test.Regression_AlejaStackTest_0_10000_0)
java.lang.AssertionError: Expected exception of type experiment.util.EmptyStackException; message: null
	at org.junit.Assert.fail(Assert.java:89)
	at experiment.drivers.test.Regression_AlejaStackTest_0_10000_0.test0118(Regression_AlejaStackTest_0_10000_0.java:6744)
46) test0120(experiment.drivers.test.Regression_AlejaStackTest_0_10000_0)
java.lang.IndexOutOfBoundsException
	at experiment.util.ArrayList.remove(ArrayList.java:144)
	at experiment.util.Stack.pop(Stack.java:51)
	at experiment.drivers.AlejaStackTestDriver.pop(AlejaStackTestDriver.java:47)
	at experiment.drivers.test.Regression_AlejaStackTest_0_10000_0.test0120(Regression_AlejaStackTest_0_10000_0.java:6894)
47) test0128(experiment.drivers.test.Regression_AlejaStackTest_0_10000_0)
java.lang.IndexOutOfBoundsException
	at experiment.util.ArrayList.remove(ArrayList.java:144)
	at experiment.util.Stack.pop(Stack.java:51)
	at experiment.drivers.AlejaStackTestDriver.pop(AlejaStackTestDriver.java:47)
	at experiment.drivers.test.Regression_AlejaStackTest_0_10000_0.test0128(Regression_AlejaStackTest_0_10000_0.java:7602)
48) test0130(experiment.drivers.test.Regression_AlejaStackTest_0_10000_0)
java.lang.IndexOutOfBoundsException
	at experiment.util.ArrayList.remove(ArrayList.java:144)
	at experiment.util.Stack.pop(Stack.java:51)
	at experiment.drivers.AlejaStackTestDriver.pop(AlejaStackTestDriver.java:47)
	at experiment.drivers.test.Regression_AlejaStackTest_0_10000_0.test0130(Regression_AlejaStackTest_0_10000_0.java:7705)
49) test0131(experiment.drivers.test.Regression_AlejaStackTest_0_10000_0)
java.lang.AssertionError: Expected exception of type experiment.util.EmptyStackException; message: null
	at org.junit.Assert.fail(Assert.java:89)
	at experiment.drivers.test.Regression_AlejaStackTest_0_10000_0.test0131(Regression_AlejaStackTest_0_10000_0.java:7763)
50) test0134(experiment.drivers.test.Regression_AlejaStackTest_0_10000_0)
java.lang.AssertionError: Expected exception of type experiment.util.EmptyStackException; message: null
	at org.junit.Assert.fail(Assert.java:89)
	at experiment.drivers.test.Regression_AlejaStackTest_0_10000_0.test0134(Regression_AlejaStackTest_0_10000_0.java:7997)
51) test0135(experiment.drivers.test.Regression_AlejaStackTest_0_10000_0)
java.lang.AssertionError: Expected exception of type experiment.util.EmptyStackException; message: null
	at org.junit.Assert.fail(Assert.java:89)
	at experiment.drivers.test.Regression_AlejaStackTest_0_10000_0.test0135(Regression_AlejaStackTest_0_10000_0.java:8067)
52) test0136(experiment.drivers.test.Regression_AlejaStackTest_0_10000_0)
java.lang.AssertionError: Expected exception of type experiment.util.EmptyStackException; message: null
	at org.junit.Assert.fail(Assert.java:89)
	at experiment.drivers.test.Regression_AlejaStackTest_0_10000_0.test0136(Regression_AlejaStackTest_0_10000_0.java:8148)
53) test0140(experiment.drivers.test.Regression_AlejaStackTest_0_10000_0)
java.lang.AssertionError: Expected exception of type experiment.util.EmptyStackException; message: null
	at org.junit.Assert.fail(Assert.java:89)
	at experiment.drivers.test.Regression_AlejaStackTest_0_10000_0.test0140(Regression_AlejaStackTest_0_10000_0.java:8473)
54) test0142(experiment.drivers.test.Regression_AlejaStackTest_0_10000_0)
java.lang.AssertionError: Expected exception of type experiment.util.EmptyStackException; message: null
	at org.junit.Assert.fail(Assert.java:89)
	at experiment.drivers.test.Regression_AlejaStackTest_0_10000_0.test0142(Regression_AlejaStackTest_0_10000_0.java:8598)
55) test0154(experiment.drivers.test.Regression_AlejaStackTest_0_10000_0)
java.lang.AssertionError: Expected exception of type experiment.util.EmptyStackException; message: null
	at org.junit.Assert.fail(Assert.java:89)
	at experiment.drivers.test.Regression_AlejaStackTest_0_10000_0.test0154(Regression_AlejaStackTest_0_10000_0.java:9667)
56) test0156(experiment.drivers.test.Regression_AlejaStackTest_0_10000_0)
java.lang.AssertionError: Expected exception of type experiment.util.EmptyStackException; message: null
	at org.junit.Assert.fail(Assert.java:89)
	at experiment.drivers.test.Regression_AlejaStackTest_0_10000_0.test0156(Regression_AlejaStackTest_0_10000_0.java:9832)
57) test0158(experiment.drivers.test.Regression_AlejaStackTest_0_10000_0)
java.lang.AssertionError: Expected exception of type experiment.util.EmptyStackException; message: null
	at org.junit.Assert.fail(Assert.java:89)
	at experiment.drivers.test.Regression_AlejaStackTest_0_10000_0.test0158(Regression_AlejaStackTest_0_10000_0.java:9906)
58) test0159(experiment.drivers.test.Regression_AlejaStackTest_0_10000_0)
java.lang.AssertionError: Expected exception of type experiment.util.EmptyStackException; message: null
	at org.junit.Assert.fail(Assert.java:89)
	at experiment.drivers.test.Regression_AlejaStackTest_0_10000_0.test0159(Regression_AlejaStackTest_0_10000_0.java:9942)
59) test0160(experiment.drivers.test.Regression_AlejaStackTest_0_10000_0)
java.lang.AssertionError: Expected exception of type experiment.util.EmptyStackException; message: null
	at org.junit.Assert.fail(Assert.java:89)
	at experiment.drivers.test.Regression_AlejaStackTest_0_10000_0.test0160(Regression_AlejaStackTest_0_10000_0.java:9990)
60) test0162(experiment.drivers.test.Regression_AlejaStackTest_0_10000_0)
java.lang.IndexOutOfBoundsException
	at experiment.util.ArrayList.remove(ArrayList.java:144)
	at experiment.util.Stack.pop(Stack.java:51)
	at experiment.drivers.AlejaStackTestDriver.pop(AlejaStackTestDriver.java:47)
	at experiment.drivers.test.Regression_AlejaStackTest_0_10000_0.test0162(Regression_AlejaStackTest_0_10000_0.java:10074)
61) test0171(experiment.drivers.test.Regression_AlejaStackTest_0_10000_0)
java.lang.AssertionError: Expected exception of type experiment.util.EmptyStackException; message: null
	at org.junit.Assert.fail(Assert.java:89)
	at experiment.drivers.test.Regression_AlejaStackTest_0_10000_0.test0171(Regression_AlejaStackTest_0_10000_0.java:10872)
62) test0172(experiment.drivers.test.Regression_AlejaStackTest_0_10000_0)
java.lang.AssertionError: Expected exception of type experiment.util.EmptyStackException; message: null
	at org.junit.Assert.fail(Assert.java:89)
	at experiment.drivers.test.Regression_AlejaStackTest_0_10000_0.test0172(Regression_AlejaStackTest_0_10000_0.java:10899)
63) test0176(experiment.drivers.test.Regression_AlejaStackTest_0_10000_0)
java.lang.IndexOutOfBoundsException
	at experiment.util.ArrayList.remove(ArrayList.java:144)
	at experiment.util.Stack.pop(Stack.java:51)
	at experiment.drivers.AlejaStackTestDriver.pop(AlejaStackTestDriver.java:47)
	at experiment.drivers.test.Regression_AlejaStackTest_0_10000_0.test0176(Regression_AlejaStackTest_0_10000_0.java:11241)
64) test0183(experiment.drivers.test.Regression_AlejaStackTest_0_10000_0)
java.lang.AssertionError: Expected exception of type experiment.util.EmptyStackException; message: null
	at org.junit.Assert.fail(Assert.java:89)
	at experiment.drivers.test.Regression_AlejaStackTest_0_10000_0.test0183(Regression_AlejaStackTest_0_10000_0.java:12064)
65) test0185(experiment.drivers.test.Regression_AlejaStackTest_0_10000_0)
java.lang.AssertionError: Expected exception of type experiment.util.EmptyStackException; message: null
	at org.junit.Assert.fail(Assert.java:89)
	at experiment.drivers.test.Regression_AlejaStackTest_0_10000_0.test0185(Regression_AlejaStackTest_0_10000_0.java:12223)
66) test0190(experiment.drivers.test.Regression_AlejaStackTest_0_10000_0)
java.lang.AssertionError: Expected exception of type experiment.util.EmptyStackException; message: null
	at org.junit.Assert.fail(Assert.java:89)
	at experiment.drivers.test.Regression_AlejaStackTest_0_10000_0.test0190(Regression_AlejaStackTest_0_10000_0.java:12601)
67) test0193(experiment.drivers.test.Regression_AlejaStackTest_0_10000_0)
java.lang.AssertionError: Expected exception of type experiment.util.EmptyStackException; message: null
	at org.junit.Assert.fail(Assert.java:89)
	at experiment.drivers.test.Regression_AlejaStackTest_0_10000_0.test0193(Regression_AlejaStackTest_0_10000_0.java:12896)
68) test0196(experiment.drivers.test.Regression_AlejaStackTest_0_10000_0)
java.lang.IndexOutOfBoundsException
	at experiment.util.ArrayList.remove(ArrayList.java:144)
	at experiment.util.Stack.pop(Stack.java:51)
	at experiment.drivers.AlejaStackTestDriver.pop(AlejaStackTestDriver.java:47)
	at experiment.drivers.test.Regression_AlejaStackTest_0_10000_0.test0196(Regression_AlejaStackTest_0_10000_0.java:13116)
69) test0197(experiment.drivers.test.Regression_AlejaStackTest_0_10000_0)
java.lang.AssertionError: Expected exception of type experiment.util.EmptyStackException; message: null
	at org.junit.Assert.fail(Assert.java:89)
	at experiment.drivers.test.Regression_AlejaStackTest_0_10000_0.test0197(Regression_AlejaStackTest_0_10000_0.java:13157)
70) test0205(experiment.drivers.test.Regression_AlejaStackTest_0_10000_0)
java.lang.AssertionError: Expected exception of type experiment.util.EmptyStackException; message: null
	at org.junit.Assert.fail(Assert.java:89)
	at experiment.drivers.test.Regression_AlejaStackTest_0_10000_0.test0205(Regression_AlejaStackTest_0_10000_0.java:13786)
71) test0213(experiment.drivers.test.Regression_AlejaStackTest_0_10000_0)
java.lang.AssertionError: Expected exception of type experiment.util.EmptyStackException; message: null
	at org.junit.Assert.fail(Assert.java:89)
	at experiment.drivers.test.Regression_AlejaStackTest_0_10000_0.test0213(Regression_AlejaStackTest_0_10000_0.java:14721)
72) test0215(experiment.drivers.test.Regression_AlejaStackTest_0_10000_0)
java.lang.AssertionError: Expected exception of type experiment.util.EmptyStackException; message: null
	at org.junit.Assert.fail(Assert.java:89)
	at experiment.drivers.test.Regression_AlejaStackTest_0_10000_0.test0215(Regression_AlejaStackTest_0_10000_0.java:14892)
73) test0218(experiment.drivers.test.Regression_AlejaStackTest_0_10000_0)
java.lang.AssertionError: Expected exception of type experiment.util.EmptyStackException; message: null
	at org.junit.Assert.fail(Assert.java:89)
	at experiment.drivers.test.Regression_AlejaStackTest_0_10000_0.test0218(Regression_AlejaStackTest_0_10000_0.java:15103)
74) test0221(experiment.drivers.test.Regression_AlejaStackTest_0_10000_0)
java.lang.AssertionError: Expected exception of type experiment.util.EmptyStackException; message: null
	at org.junit.Assert.fail(Assert.java:89)
	at experiment.drivers.test.Regression_AlejaStackTest_0_10000_0.test0221(Regression_AlejaStackTest_0_10000_0.java:15344)
75) test0223(experiment.drivers.test.Regression_AlejaStackTest_0_10000_0)
java.lang.AssertionError: Expected exception of type experiment.util.EmptyStackException; message: null
	at org.junit.Assert.fail(Assert.java:89)
	at experiment.drivers.test.Regression_AlejaStackTest_0_10000_0.test0223(Regression_AlejaStackTest_0_10000_0.java:15593)
76) test0229(experiment.drivers.test.Regression_AlejaStackTest_0_10000_0)
java.lang.AssertionError: Expected exception of type experiment.util.EmptyStackException; message: null
	at org.junit.Assert.fail(Assert.java:89)
	at experiment.drivers.test.Regression_AlejaStackTest_0_10000_0.test0229(Regression_AlejaStackTest_0_10000_0.java:16178)
77) test0230(experiment.drivers.test.Regression_AlejaStackTest_0_10000_0)
java.lang.AssertionError: Expected exception of type experiment.util.EmptyStackException; message: null
	at org.junit.Assert.fail(Assert.java:89)
	at experiment.drivers.test.Regression_AlejaStackTest_0_10000_0.test0230(Regression_AlejaStackTest_0_10000_0.java:16281)
78) test0231(experiment.drivers.test.Regression_AlejaStackTest_0_10000_0)
java.lang.AssertionError: Expected exception of type experiment.util.EmptyStackException; message: null
	at org.junit.Assert.fail(Assert.java:89)
	at experiment.drivers.test.Regression_AlejaStackTest_0_10000_0.test0231(Regression_AlejaStackTest_0_10000_0.java:16395)
79) test0248(experiment.drivers.test.Regression_AlejaStackTest_0_10000_0)
java.lang.AssertionError: Expected exception of type experiment.util.EmptyStackException; message: null
	at org.junit.Assert.fail(Assert.java:89)
	at experiment.drivers.test.Regression_AlejaStackTest_0_10000_0.test0248(Regression_AlejaStackTest_0_10000_0.java:17929)
80) test0252(experiment.drivers.test.Regression_AlejaStackTest_0_10000_0)
java.lang.AssertionError: Expected exception of type experiment.util.EmptyStackException; message: null
	at org.junit.Assert.fail(Assert.java:89)
	at experiment.drivers.test.Regression_AlejaStackTest_0_10000_0.test0252(Regression_AlejaStackTest_0_10000_0.java:18260)
81) test0253(experiment.drivers.test.Regression_AlejaStackTest_0_10000_0)
java.lang.AssertionError: Expected exception of type experiment.util.EmptyStackException; message: null
	at org.junit.Assert.fail(Assert.java:89)
	at experiment.drivers.test.Regression_AlejaStackTest_0_10000_0.test0253(Regression_AlejaStackTest_0_10000_0.java:18305)
82) test0255(experiment.drivers.test.Regression_AlejaStackTest_0_10000_0)
java.lang.IndexOutOfBoundsException
	at experiment.util.ArrayList.remove(ArrayList.java:144)
	at experiment.util.Stack.pop(Stack.java:51)
	at experiment.drivers.AlejaStackTestDriver.pop(AlejaStackTestDriver.java:47)
	at experiment.drivers.test.Regression_AlejaStackTest_0_10000_0.test0255(Regression_AlejaStackTest_0_10000_0.java:18417)
83) test0264(experiment.drivers.test.Regression_AlejaStackTest_0_10000_0)
java.lang.AssertionError: Expected exception of type experiment.util.EmptyStackException; message: null
	at org.junit.Assert.fail(Assert.java:89)
	at experiment.drivers.test.Regression_AlejaStackTest_0_10000_0.test0264(Regression_AlejaStackTest_0_10000_0.java:19063)
84) test0267(experiment.drivers.test.Regression_AlejaStackTest_0_10000_0)
java.lang.AssertionError: Expected exception of type experiment.util.EmptyStackException; message: null
	at org.junit.Assert.fail(Assert.java:89)
	at experiment.drivers.test.Regression_AlejaStackTest_0_10000_0.test0267(Regression_AlejaStackTest_0_10000_0.java:19441)
85) test0268(experiment.drivers.test.Regression_AlejaStackTest_0_10000_0)
java.lang.AssertionError: Expected exception of type experiment.util.EmptyStackException; message: null
	at org.junit.Assert.fail(Assert.java:89)
	at experiment.drivers.test.Regression_AlejaStackTest_0_10000_0.test0268(Regression_AlejaStackTest_0_10000_0.java:19541)
86) test0269(experiment.drivers.test.Regression_AlejaStackTest_0_10000_0)
java.lang.AssertionError: Expected exception of type experiment.util.EmptyStackException; message: null
	at org.junit.Assert.fail(Assert.java:89)
	at experiment.drivers.test.Regression_AlejaStackTest_0_10000_0.test0269(Regression_AlejaStackTest_0_10000_0.java:19627)
87) test0272(experiment.drivers.test.Regression_AlejaStackTest_0_10000_0)
java.lang.AssertionError: Expected exception of type experiment.util.EmptyStackException; message: null
	at org.junit.Assert.fail(Assert.java:89)
	at experiment.drivers.test.Regression_AlejaStackTest_0_10000_0.test0272(Regression_AlejaStackTest_0_10000_0.java:20040)
88) test0278(experiment.drivers.test.Regression_AlejaStackTest_0_10000_0)
java.lang.IndexOutOfBoundsException
	at experiment.util.ArrayList.remove(ArrayList.java:144)
	at experiment.util.Stack.pop(Stack.java:51)
	at experiment.drivers.AlejaStackTestDriver.pop(AlejaStackTestDriver.java:47)
	at experiment.drivers.test.Regression_AlejaStackTest_0_10000_0.test0278(Regression_AlejaStackTest_0_10000_0.java:20743)
89) test0290(experiment.drivers.test.Regression_AlejaStackTest_0_10000_0)
java.lang.AssertionError: Expected exception of type experiment.util.EmptyStackException; message: null
	at org.junit.Assert.fail(Assert.java:89)
	at experiment.drivers.test.Regression_AlejaStackTest_0_10000_0.test0290(Regression_AlejaStackTest_0_10000_0.java:22037)
90) test0291(experiment.drivers.test.Regression_AlejaStackTest_0_10000_0)
java.lang.IndexOutOfBoundsException
	at experiment.util.ArrayList.remove(ArrayList.java:144)
	at experiment.util.Stack.pop(Stack.java:51)
	at experiment.drivers.AlejaStackTestDriver.pop(AlejaStackTestDriver.java:47)
	at experiment.drivers.test.Regression_AlejaStackTest_0_10000_0.test0291(Regression_AlejaStackTest_0_10000_0.java:22096)
91) test0299(experiment.drivers.test.Regression_AlejaStackTest_0_10000_0)
java.lang.AssertionError: Expected exception of type experiment.util.EmptyStackException; message: null
	at org.junit.Assert.fail(Assert.java:89)
	at experiment.drivers.test.Regression_AlejaStackTest_0_10000_0.test0299(Regression_AlejaStackTest_0_10000_0.java:22791)
92) test0301(experiment.drivers.test.Regression_AlejaStackTest_0_10000_0)
java.lang.AssertionError: Expected exception of type experiment.util.EmptyStackException; message: null
	at org.junit.Assert.fail(Assert.java:89)
	at experiment.drivers.test.Regression_AlejaStackTest_0_10000_0.test0301(Regression_AlejaStackTest_0_10000_0.java:23103)
93) test0304(experiment.drivers.test.Regression_AlejaStackTest_0_10000_0)
java.lang.AssertionError: Expected exception of type experiment.util.EmptyStackException; message: null
	at org.junit.Assert.fail(Assert.java:89)
	at experiment.drivers.test.Regression_AlejaStackTest_0_10000_0.test0304(Regression_AlejaStackTest_0_10000_0.java:23369)
94) test0314(experiment.drivers.test.Regression_AlejaStackTest_0_10000_0)
java.lang.AssertionError: Expected exception of type experiment.util.EmptyStackException; message: null
	at org.junit.Assert.fail(Assert.java:89)
	at experiment.drivers.test.Regression_AlejaStackTest_0_10000_0.test0314(Regression_AlejaStackTest_0_10000_0.java:24308)
95) test0316(experiment.drivers.test.Regression_AlejaStackTest_0_10000_0)
java.lang.AssertionError: Expected exception of type experiment.util.EmptyStackException; message: null
	at org.junit.Assert.fail(Assert.java:89)
	at experiment.drivers.test.Regression_AlejaStackTest_0_10000_0.test0316(Regression_AlejaStackTest_0_10000_0.java:24526)
96) test0320(experiment.drivers.test.Regression_AlejaStackTest_0_10000_0)
java.lang.IndexOutOfBoundsException
	at experiment.util.ArrayList.remove(ArrayList.java:144)
	at experiment.util.Stack.pop(Stack.java:51)
	at experiment.drivers.AlejaStackTestDriver.pop(AlejaStackTestDriver.java:47)
	at experiment.drivers.test.Regression_AlejaStackTest_0_10000_0.test0320(Regression_AlejaStackTest_0_10000_0.java:24867)
97) test0322(experiment.drivers.test.Regression_AlejaStackTest_0_10000_0)
java.lang.AssertionError: Expected exception of type experiment.util.EmptyStackException; message: null
	at org.junit.Assert.fail(Assert.java:89)
	at experiment.drivers.test.Regression_AlejaStackTest_0_10000_0.test0322(Regression_AlejaStackTest_0_10000_0.java:25016)
98) test0323(experiment.drivers.test.Regression_AlejaStackTest_0_10000_0)
java.lang.IndexOutOfBoundsException
	at experiment.util.ArrayList.remove(ArrayList.java:144)
	at experiment.util.Stack.pop(Stack.java:51)
	at experiment.drivers.AlejaStackTestDriver.pop(AlejaStackTestDriver.java:47)
	at experiment.drivers.test.Regression_AlejaStackTest_0_10000_0.test0323(Regression_AlejaStackTest_0_10000_0.java:25073)
99) test0327(experiment.drivers.test.Regression_AlejaStackTest_0_10000_0)
java.lang.AssertionError: Expected exception of type experiment.util.EmptyStackException; message: null
	at org.junit.Assert.fail(Assert.java:89)
	at experiment.drivers.test.Regression_AlejaStackTest_0_10000_0.test0327(Regression_AlejaStackTest_0_10000_0.java:25407)
100) test0331(experiment.drivers.test.Regression_AlejaStackTest_0_10000_0)
java.lang.AssertionError: Expected exception of type experiment.util.EmptyStackException; message: null
	at org.junit.Assert.fail(Assert.java:89)
	at experiment.drivers.test.Regression_AlejaStackTest_0_10000_0.test0331(Regression_AlejaStackTest_0_10000_0.java:25822)
101) test0336(experiment.drivers.test.Regression_AlejaStackTest_0_10000_0)
java.lang.AssertionError: Expected exception of type experiment.util.EmptyStackException; message: null
	at org.junit.Assert.fail(Assert.java:89)
	at experiment.drivers.test.Regression_AlejaStackTest_0_10000_0.test0336(Regression_AlejaStackTest_0_10000_0.java:26200)
102) test0339(experiment.drivers.test.Regression_AlejaStackTest_0_10000_0)
java.lang.AssertionError: Expected exception of type experiment.util.EmptyStackException; message: null
	at org.junit.Assert.fail(Assert.java:89)
	at experiment.drivers.test.Regression_AlejaStackTest_0_10000_0.test0339(Regression_AlejaStackTest_0_10000_0.java:26364)
103) test0342(experiment.drivers.test.Regression_AlejaStackTest_0_10000_0)
java.lang.AssertionError: Expected exception of type experiment.util.EmptyStackException; message: null
	at org.junit.Assert.fail(Assert.java:89)
	at experiment.drivers.test.Regression_AlejaStackTest_0_10000_0.test0342(Regression_AlejaStackTest_0_10000_0.java:26770)
104) test0344(experiment.drivers.test.Regression_AlejaStackTest_0_10000_0)
java.lang.AssertionError: Expected exception of type experiment.util.EmptyStackException; message: null
	at org.junit.Assert.fail(Assert.java:89)
	at experiment.drivers.test.Regression_AlejaStackTest_0_10000_0.test0344(Regression_AlejaStackTest_0_10000_0.java:26988)
105) test0345(experiment.drivers.test.Regression_AlejaStackTest_0_10000_0)
java.lang.AssertionError: Expected exception of type experiment.util.EmptyStackException; message: null
	at org.junit.Assert.fail(Assert.java:89)
	at experiment.drivers.test.Regression_AlejaStackTest_0_10000_0.test0345(Regression_AlejaStackTest_0_10000_0.java:27057)
106) test0348(experiment.drivers.test.Regression_AlejaStackTest_0_10000_0)
java.lang.IndexOutOfBoundsException
	at experiment.util.ArrayList.remove(ArrayList.java:144)
	at experiment.util.Stack.pop(Stack.java:51)
	at experiment.drivers.AlejaStackTestDriver.pop(AlejaStackTestDriver.java:47)
	at experiment.drivers.test.Regression_AlejaStackTest_0_10000_0.test0348(Regression_AlejaStackTest_0_10000_0.java:27386)
107) test0349(experiment.drivers.test.Regression_AlejaStackTest_0_10000_0)
java.lang.AssertionError: Expected exception of type experiment.util.EmptyStackException; message: null
	at org.junit.Assert.fail(Assert.java:89)
	at experiment.drivers.test.Regression_AlejaStackTest_0_10000_0.test0349(Regression_AlejaStackTest_0_10000_0.java:27462)
108) test0355(experiment.drivers.test.Regression_AlejaStackTest_0_10000_0)
java.lang.AssertionError: Expected exception of type experiment.util.EmptyStackException; message: null
	at org.junit.Assert.fail(Assert.java:89)
	at experiment.drivers.test.Regression_AlejaStackTest_0_10000_0.test0355(Regression_AlejaStackTest_0_10000_0.java:28063)
109) test0357(experiment.drivers.test.Regression_AlejaStackTest_0_10000_0)
java.lang.AssertionError: Expected exception of type experiment.util.EmptyStackException; message: null
	at org.junit.Assert.fail(Assert.java:89)
	at experiment.drivers.test.Regression_AlejaStackTest_0_10000_0.test0357(Regression_AlejaStackTest_0_10000_0.java:28246)
110) test0362(experiment.drivers.test.Regression_AlejaStackTest_0_10000_0)
java.lang.AssertionError: Expected exception of type experiment.util.EmptyStackException; message: null
	at org.junit.Assert.fail(Assert.java:89)
	at experiment.drivers.test.Regression_AlejaStackTest_0_10000_0.test0362(Regression_AlejaStackTest_0_10000_0.java:28708)
111) test0365(experiment.drivers.test.Regression_AlejaStackTest_0_10000_0)
java.lang.AssertionError: Expected exception of type experiment.util.EmptyStackException; message: null
	at org.junit.Assert.fail(Assert.java:89)
	at experiment.drivers.test.Regression_AlejaStackTest_0_10000_0.test0365(Regression_AlejaStackTest_0_10000_0.java:28901)
112) test0367(experiment.drivers.test.Regression_AlejaStackTest_0_10000_0)
java.lang.AssertionError: Expected exception of type experiment.util.EmptyStackException; message: null
	at org.junit.Assert.fail(Assert.java:89)
	at experiment.drivers.test.Regression_AlejaStackTest_0_10000_0.test0367(Regression_AlejaStackTest_0_10000_0.java:29140)
113) test0369(experiment.drivers.test.Regression_AlejaStackTest_0_10000_0)
java.lang.AssertionError: Expected exception of type experiment.util.EmptyStackException; message: null
	at org.junit.Assert.fail(Assert.java:89)
	at experiment.drivers.test.Regression_AlejaStackTest_0_10000_0.test0369(Regression_AlejaStackTest_0_10000_0.java:29322)
114) test0382(experiment.drivers.test.Regression_AlejaStackTest_0_10000_0)
java.lang.AssertionError: Expected exception of type experiment.util.EmptyStackException; message: null
	at org.junit.Assert.fail(Assert.java:89)
	at experiment.drivers.test.Regression_AlejaStackTest_0_10000_0.test0382(Regression_AlejaStackTest_0_10000_0.java:30596)
115) test0384(experiment.drivers.test.Regression_AlejaStackTest_0_10000_0)
java.lang.AssertionError: Expected exception of type experiment.util.EmptyStackException; message: null
	at org.junit.Assert.fail(Assert.java:89)
	at experiment.drivers.test.Regression_AlejaStackTest_0_10000_0.test0384(Regression_AlejaStackTest_0_10000_0.java:30845)
116) test0386(experiment.drivers.test.Regression_AlejaStackTest_0_10000_0)
java.lang.AssertionError: Expected exception of type experiment.util.EmptyStackException; message: null
	at org.junit.Assert.fail(Assert.java:89)
	at experiment.drivers.test.Regression_AlejaStackTest_0_10000_0.test0386(Regression_AlejaStackTest_0_10000_0.java:30980)
117) test0387(experiment.drivers.test.Regression_AlejaStackTest_0_10000_0)
java.lang.AssertionError: Expected exception of type experiment.util.EmptyStackException; message: null
	at org.junit.Assert.fail(Assert.java:89)
	at experiment.drivers.test.Regression_AlejaStackTest_0_10000_0.test0387(Regression_AlejaStackTest_0_10000_0.java:31078)
118) test0389(experiment.drivers.test.Regression_AlejaStackTest_0_10000_0)
java.lang.AssertionError: Expected exception of type experiment.util.EmptyStackException; message: null
	at org.junit.Assert.fail(Assert.java:89)
	at experiment.drivers.test.Regression_AlejaStackTest_0_10000_0.test0389(Regression_AlejaStackTest_0_10000_0.java:31362)
119) test0393(experiment.drivers.test.Regression_AlejaStackTest_0_10000_0)
java.lang.AssertionError: Expected exception of type experiment.util.EmptyStackException; message: null
	at org.junit.Assert.fail(Assert.java:89)
	at experiment.drivers.test.Regression_AlejaStackTest_0_10000_0.test0393(Regression_AlejaStackTest_0_10000_0.java:31864)
120) test0395(experiment.drivers.test.Regression_AlejaStackTest_0_10000_0)
java.lang.AssertionError: Expected exception of type experiment.util.EmptyStackException; message: null
	at org.junit.Assert.fail(Assert.java:89)
	at experiment.drivers.test.Regression_AlejaStackTest_0_10000_0.test0395(Regression_AlejaStackTest_0_10000_0.java:32009)
121) test0396(experiment.drivers.test.Regression_AlejaStackTest_0_10000_0)
java.lang.AssertionError: Expected exception of type experiment.util.EmptyStackException; message: null
	at org.junit.Assert.fail(Assert.java:89)
	at experiment.drivers.test.Regression_AlejaStackTest_0_10000_0.test0396(Regression_AlejaStackTest_0_10000_0.java:32096)
122) test0403(experiment.drivers.test.Regression_AlejaStackTest_0_10000_0)
java.lang.AssertionError: Expected exception of type experiment.util.EmptyStackException; message: null
	at org.junit.Assert.fail(Assert.java:89)
	at experiment.drivers.test.Regression_AlejaStackTest_0_10000_0.test0403(Regression_AlejaStackTest_0_10000_0.java:32935)
123) test0408(experiment.drivers.test.Regression_AlejaStackTest_0_10000_0)
java.lang.IndexOutOfBoundsException
	at experiment.util.ArrayList.remove(ArrayList.java:144)
	at experiment.util.Stack.pop(Stack.java:51)
	at experiment.drivers.AlejaStackTestDriver.pop(AlejaStackTestDriver.java:47)
	at experiment.drivers.test.Regression_AlejaStackTest_0_10000_0.test0408(Regression_AlejaStackTest_0_10000_0.java:33612)
124) test0411(experiment.drivers.test.Regression_AlejaStackTest_0_10000_0)
java.lang.AssertionError: Expected exception of type experiment.util.EmptyStackException; message: null
	at org.junit.Assert.fail(Assert.java:89)
	at experiment.drivers.test.Regression_AlejaStackTest_0_10000_0.test0411(Regression_AlejaStackTest_0_10000_0.java:33898)
125) test0413(experiment.drivers.test.Regression_AlejaStackTest_0_10000_0)
java.lang.AssertionError: Expected exception of type experiment.util.EmptyStackException; message: null
	at org.junit.Assert.fail(Assert.java:89)
	at experiment.drivers.test.Regression_AlejaStackTest_0_10000_0.test0413(Regression_AlejaStackTest_0_10000_0.java:34122)
126) test0417(experiment.drivers.test.Regression_AlejaStackTest_0_10000_0)
java.lang.AssertionError: Expected exception of type experiment.util.EmptyStackException; message: null
	at org.junit.Assert.fail(Assert.java:89)
	at experiment.drivers.test.Regression_AlejaStackTest_0_10000_0.test0417(Regression_AlejaStackTest_0_10000_0.java:34524)
127) test0419(experiment.drivers.test.Regression_AlejaStackTest_0_10000_0)
java.lang.IndexOutOfBoundsException
	at experiment.util.ArrayList.remove(ArrayList.java:144)
	at experiment.util.Stack.pop(Stack.java:51)
	at experiment.drivers.AlejaStackTestDriver.pop(AlejaStackTestDriver.java:47)
	at experiment.drivers.test.Regression_AlejaStackTest_0_10000_0.test0419(Regression_AlejaStackTest_0_10000_0.java:34838)
128) test0425(experiment.drivers.test.Regression_AlejaStackTest_0_10000_0)
java.lang.AssertionError: Expected exception of type experiment.util.EmptyStackException; message: null
	at org.junit.Assert.fail(Assert.java:89)
	at experiment.drivers.test.Regression_AlejaStackTest_0_10000_0.test0425(Regression_AlejaStackTest_0_10000_0.java:35472)
129) test0427(experiment.drivers.test.Regression_AlejaStackTest_0_10000_0)
java.lang.AssertionError: Expected exception of type experiment.util.EmptyStackException; message: null
	at org.junit.Assert.fail(Assert.java:89)
	at experiment.drivers.test.Regression_AlejaStackTest_0_10000_0.test0427(Regression_AlejaStackTest_0_10000_0.java:35609)
130) test0431(experiment.drivers.test.Regression_AlejaStackTest_0_10000_0)
java.lang.AssertionError: Expected exception of type experiment.util.EmptyStackException; message: null
	at org.junit.Assert.fail(Assert.java:89)
	at experiment.drivers.test.Regression_AlejaStackTest_0_10000_0.test0431(Regression_AlejaStackTest_0_10000_0.java:36079)
131) test0433(experiment.drivers.test.Regression_AlejaStackTest_0_10000_0)
java.lang.AssertionError: Expected exception of type experiment.util.EmptyStackException; message: null
	at org.junit.Assert.fail(Assert.java:89)
	at experiment.drivers.test.Regression_AlejaStackTest_0_10000_0.test0433(Regression_AlejaStackTest_0_10000_0.java:36309)
132) test0437(experiment.drivers.test.Regression_AlejaStackTest_0_10000_0)
java.lang.AssertionError: Expected exception of type experiment.util.EmptyStackException; message: null
	at org.junit.Assert.fail(Assert.java:89)
	at experiment.drivers.test.Regression_AlejaStackTest_0_10000_0.test0437(Regression_AlejaStackTest_0_10000_0.java:36695)
133) test0439(experiment.drivers.test.Regression_AlejaStackTest_0_10000_0)
java.lang.AssertionError: Expected exception of type experiment.util.EmptyStackException; message: null
	at org.junit.Assert.fail(Assert.java:89)
	at experiment.drivers.test.Regression_AlejaStackTest_0_10000_0.test0439(Regression_AlejaStackTest_0_10000_0.java:36882)
134) test0443(experiment.drivers.test.Regression_AlejaStackTest_0_10000_0)
java.lang.AssertionError: Expected exception of type experiment.util.EmptyStackException; message: null
	at org.junit.Assert.fail(Assert.java:89)
	at experiment.drivers.test.Regression_AlejaStackTest_0_10000_0.test0443(Regression_AlejaStackTest_0_10000_0.java:37326)
135) test0452(experiment.drivers.test.Regression_AlejaStackTest_0_10000_0)
java.lang.AssertionError: Expected exception of type experiment.util.EmptyStackException; message: null
	at org.junit.Assert.fail(Assert.java:89)
	at experiment.drivers.test.Regression_AlejaStackTest_0_10000_0.test0452(Regression_AlejaStackTest_0_10000_0.java:37999)
136) test0453(experiment.drivers.test.Regression_AlejaStackTest_0_10000_0)
java.lang.IndexOutOfBoundsException
	at experiment.util.ArrayList.remove(ArrayList.java:144)
	at experiment.util.Stack.pop(Stack.java:51)
	at experiment.drivers.AlejaStackTestDriver.pop(AlejaStackTestDriver.java:47)
	at experiment.drivers.test.Regression_AlejaStackTest_0_10000_0.test0453(Regression_AlejaStackTest_0_10000_0.java:38065)
137) test0457(experiment.drivers.test.Regression_AlejaStackTest_0_10000_0)
java.lang.IndexOutOfBoundsException
	at experiment.util.ArrayList.remove(ArrayList.java:144)
	at experiment.util.Stack.pop(Stack.java:51)
	at experiment.drivers.AlejaStackTestDriver.pop(AlejaStackTestDriver.java:47)
	at experiment.drivers.test.Regression_AlejaStackTest_0_10000_0.test0457(Regression_AlejaStackTest_0_10000_0.java:38422)
138) test0458(experiment.drivers.test.Regression_AlejaStackTest_0_10000_0)
java.lang.AssertionError: Expected exception of type experiment.util.EmptyStackException; message: null
	at org.junit.Assert.fail(Assert.java:89)
	at experiment.drivers.test.Regression_AlejaStackTest_0_10000_0.test0458(Regression_AlejaStackTest_0_10000_0.java:38518)
139) test0462(experiment.drivers.test.Regression_AlejaStackTest_0_10000_0)
java.lang.AssertionError: Expected exception of type experiment.util.EmptyStackException; message: null
	at org.junit.Assert.fail(Assert.java:89)
	at experiment.drivers.test.Regression_AlejaStackTest_0_10000_0.test0462(Regression_AlejaStackTest_0_10000_0.java:38891)
140) test0464(experiment.drivers.test.Regression_AlejaStackTest_0_10000_0)
java.lang.AssertionError: Expected exception of type experiment.util.EmptyStackException; message: null
	at org.junit.Assert.fail(Assert.java:89)
	at experiment.drivers.test.Regression_AlejaStackTest_0_10000_0.test0464(Regression_AlejaStackTest_0_10000_0.java:39108)
141) test0467(experiment.drivers.test.Regression_AlejaStackTest_0_10000_0)
java.lang.IndexOutOfBoundsException
	at experiment.util.ArrayList.remove(ArrayList.java:144)
	at experiment.util.Stack.pop(Stack.java:51)
	at experiment.drivers.AlejaStackTestDriver.pop(AlejaStackTestDriver.java:47)
	at experiment.drivers.test.Regression_AlejaStackTest_0_10000_0.test0467(Regression_AlejaStackTest_0_10000_0.java:39433)
142) test0469(experiment.drivers.test.Regression_AlejaStackTest_0_10000_0)
java.lang.AssertionError: Expected exception of type experiment.util.EmptyStackException; message: null
	at org.junit.Assert.fail(Assert.java:89)
	at experiment.drivers.test.Regression_AlejaStackTest_0_10000_0.test0469(Regression_AlejaStackTest_0_10000_0.java:39663)
143) test0472(experiment.drivers.test.Regression_AlejaStackTest_0_10000_0)
java.lang.AssertionError: Expected exception of type experiment.util.EmptyStackException; message: null
	at org.junit.Assert.fail(Assert.java:89)
	at experiment.drivers.test.Regression_AlejaStackTest_0_10000_0.test0472(Regression_AlejaStackTest_0_10000_0.java:40024)
144) test0475(experiment.drivers.test.Regression_AlejaStackTest_0_10000_0)
java.lang.AssertionError: Expected exception of type experiment.util.EmptyStackException; message: null
	at org.junit.Assert.fail(Assert.java:89)
	at experiment.drivers.test.Regression_AlejaStackTest_0_10000_0.test0475(Regression_AlejaStackTest_0_10000_0.java:40367)
145) test0480(experiment.drivers.test.Regression_AlejaStackTest_0_10000_0)
java.lang.AssertionError: Expected exception of type experiment.util.EmptyStackException; message: null
	at org.junit.Assert.fail(Assert.java:89)
	at experiment.drivers.test.Regression_AlejaStackTest_0_10000_0.test0480(Regression_AlejaStackTest_0_10000_0.java:40848)
146) test0482(experiment.drivers.test.Regression_AlejaStackTest_0_10000_0)
java.lang.IndexOutOfBoundsException
	at experiment.util.ArrayList.remove(ArrayList.java:144)
	at experiment.util.Stack.pop(Stack.java:51)
	at experiment.drivers.AlejaStackTestDriver.pop(AlejaStackTestDriver.java:47)
	at experiment.drivers.test.Regression_AlejaStackTest_0_10000_0.test0482(Regression_AlejaStackTest_0_10000_0.java:41018)
147) test0484(experiment.drivers.test.Regression_AlejaStackTest_0_10000_0)
java.lang.AssertionError: Expected exception of type experiment.util.EmptyStackException; message: null
	at org.junit.Assert.fail(Assert.java:89)
	at experiment.drivers.test.Regression_AlejaStackTest_0_10000_0.test0484(Regression_AlejaStackTest_0_10000_0.java:41202)
148) test0485(experiment.drivers.test.Regression_AlejaStackTest_0_10000_0)
java.lang.AssertionError: Expected exception of type experiment.util.EmptyStackException; message: null
	at org.junit.Assert.fail(Assert.java:89)
	at experiment.drivers.test.Regression_AlejaStackTest_0_10000_0.test0485(Regression_AlejaStackTest_0_10000_0.java:41272)
149) test0486(experiment.drivers.test.Regression_AlejaStackTest_0_10000_0)
java.lang.IndexOutOfBoundsException
	at experiment.util.ArrayList.remove(ArrayList.java:144)
	at experiment.util.Stack.pop(Stack.java:51)
	at experiment.drivers.AlejaStackTestDriver.pop(AlejaStackTestDriver.java:47)
	at experiment.drivers.test.Regression_AlejaStackTest_0_10000_0.test0486(Regression_AlejaStackTest_0_10000_0.java:41342)
150) test0487(experiment.drivers.test.Regression_AlejaStackTest_0_10000_0)
java.lang.AssertionError: Expected exception of type experiment.util.EmptyStackException; message: null
	at org.junit.Assert.fail(Assert.java:89)
	at experiment.drivers.test.Regression_AlejaStackTest_0_10000_0.test0487(Regression_AlejaStackTest_0_10000_0.java:41430)
151) test0490(experiment.drivers.test.Regression_AlejaStackTest_0_10000_0)
java.lang.AssertionError: Expected exception of type experiment.util.EmptyStackException; message: null
	at org.junit.Assert.fail(Assert.java:89)
	at experiment.drivers.test.Regression_AlejaStackTest_0_10000_0.test0490(Regression_AlejaStackTest_0_10000_0.java:41762)
152) test0493(experiment.drivers.test.Regression_AlejaStackTest_0_10000_0)
java.lang.IndexOutOfBoundsException
	at experiment.util.ArrayList.remove(ArrayList.java:144)
	at experiment.util.Stack.pop(Stack.java:51)
	at experiment.drivers.AlejaStackTestDriver.pop(AlejaStackTestDriver.java:47)
	at experiment.drivers.test.Regression_AlejaStackTest_0_10000_0.test0493(Regression_AlejaStackTest_0_10000_0.java:42165)
153) test0494(experiment.drivers.test.Regression_AlejaStackTest_0_10000_0)
java.lang.AssertionError: Expected exception of type experiment.util.EmptyStackException; message: null
	at org.junit.Assert.fail(Assert.java:89)
	at experiment.drivers.test.Regression_AlejaStackTest_0_10000_0.test0494(Regression_AlejaStackTest_0_10000_0.java:42310)
154) test0496(experiment.drivers.test.Regression_AlejaStackTest_0_10000_0)
java.lang.AssertionError: Expected exception of type experiment.util.EmptyStackException; message: null
	at org.junit.Assert.fail(Assert.java:89)
	at experiment.drivers.test.Regression_AlejaStackTest_0_10000_0.test0496(Regression_AlejaStackTest_0_10000_0.java:42469)
155) test0500(experiment.drivers.test.Regression_AlejaStackTest_0_10000_0)
java.lang.AssertionError: Expected exception of type experiment.util.EmptyStackException; message: null
	at org.junit.Assert.fail(Assert.java:89)
	at experiment.drivers.test.Regression_AlejaStackTest_0_10000_0.test0500(Regression_AlejaStackTest_0_10000_0.java:42897)
156) test0501(experiment.drivers.test.Regression_AlejaStackTest_0_10000_1)
java.lang.IndexOutOfBoundsException
	at experiment.util.ArrayList.remove(ArrayList.java:144)
	at experiment.util.Stack.pop(Stack.java:51)
	at experiment.drivers.AlejaStackTestDriver.pop(AlejaStackTestDriver.java:47)
	at experiment.drivers.test.Regression_AlejaStackTest_0_10000_1.test0501(Regression_AlejaStackTest_0_10000_1.java:73)
157) test0502(experiment.drivers.test.Regression_AlejaStackTest_0_10000_1)
java.lang.AssertionError: Expected exception of type experiment.util.EmptyStackException; message: null
	at org.junit.Assert.fail(Assert.java:89)
	at experiment.drivers.test.Regression_AlejaStackTest_0_10000_1.test0502(Regression_AlejaStackTest_0_10000_1.java:198)
158) test0508(experiment.drivers.test.Regression_AlejaStackTest_0_10000_1)
java.lang.IndexOutOfBoundsException
	at experiment.util.ArrayList.remove(ArrayList.java:144)
	at experiment.util.Stack.pop(Stack.java:51)
	at experiment.drivers.AlejaStackTestDriver.pop(AlejaStackTestDriver.java:47)
	at experiment.drivers.test.Regression_AlejaStackTest_0_10000_1.test0508(Regression_AlejaStackTest_0_10000_1.java:728)
159) test0510(experiment.drivers.test.Regression_AlejaStackTest_0_10000_1)
java.lang.IndexOutOfBoundsException
	at experiment.util.ArrayList.remove(ArrayList.java:144)
	at experiment.util.Stack.pop(Stack.java:51)
	at experiment.drivers.AlejaStackTestDriver.pop(AlejaStackTestDriver.java:47)
	at experiment.drivers.test.Regression_AlejaStackTest_0_10000_1.test0510(Regression_AlejaStackTest_0_10000_1.java:915)
160) test0517(experiment.drivers.test.Regression_AlejaStackTest_0_10000_1)
java.lang.AssertionError: Expected exception of type experiment.util.EmptyStackException; message: null
	at org.junit.Assert.fail(Assert.java:89)
	at experiment.drivers.test.Regression_AlejaStackTest_0_10000_1.test0517(Regression_AlejaStackTest_0_10000_1.java:1479)
161) test0522(experiment.drivers.test.Regression_AlejaStackTest_0_10000_1)
java.lang.AssertionError: Expected exception of type experiment.util.EmptyStackException; message: null
	at org.junit.Assert.fail(Assert.java:89)
	at experiment.drivers.test.Regression_AlejaStackTest_0_10000_1.test0522(Regression_AlejaStackTest_0_10000_1.java:1949)
162) test0533(experiment.drivers.test.Regression_AlejaStackTest_0_10000_1)
java.lang.IndexOutOfBoundsException
	at experiment.util.ArrayList.remove(ArrayList.java:144)
	at experiment.util.Stack.pop(Stack.java:51)
	at experiment.drivers.AlejaStackTestDriver.pop(AlejaStackTestDriver.java:47)
	at experiment.drivers.test.Regression_AlejaStackTest_0_10000_1.test0533(Regression_AlejaStackTest_0_10000_1.java:3047)
163) test0541(experiment.drivers.test.Regression_AlejaStackTest_0_10000_1)
java.lang.AssertionError: Expected exception of type experiment.util.EmptyStackException; message: null
	at org.junit.Assert.fail(Assert.java:89)
	at experiment.drivers.test.Regression_AlejaStackTest_0_10000_1.test0541(Regression_AlejaStackTest_0_10000_1.java:3892)
164) test0546(experiment.drivers.test.Regression_AlejaStackTest_0_10000_1)
java.lang.AssertionError: Expected exception of type experiment.util.EmptyStackException; message: null
	at org.junit.Assert.fail(Assert.java:89)
	at experiment.drivers.test.Regression_AlejaStackTest_0_10000_1.test0546(Regression_AlejaStackTest_0_10000_1.java:4330)
165) test0547(experiment.drivers.test.Regression_AlejaStackTest_0_10000_1)
java.lang.AssertionError: Expected exception of type experiment.util.EmptyStackException; message: null
	at org.junit.Assert.fail(Assert.java:89)
	at experiment.drivers.test.Regression_AlejaStackTest_0_10000_1.test0547(Regression_AlejaStackTest_0_10000_1.java:4376)
166) test0550(experiment.drivers.test.Regression_AlejaStackTest_0_10000_1)
java.lang.AssertionError: Expected exception of type experiment.util.EmptyStackException; message: null
	at org.junit.Assert.fail(Assert.java:89)
	at experiment.drivers.test.Regression_AlejaStackTest_0_10000_1.test0550(Regression_AlejaStackTest_0_10000_1.java:4651)
167) test0551(experiment.drivers.test.Regression_AlejaStackTest_0_10000_1)
java.lang.AssertionError: Expected exception of type experiment.util.EmptyStackException; message: null
	at org.junit.Assert.fail(Assert.java:89)
	at experiment.drivers.test.Regression_AlejaStackTest_0_10000_1.test0551(Regression_AlejaStackTest_0_10000_1.java:4800)
168) test0556(experiment.drivers.test.Regression_AlejaStackTest_0_10000_1)
java.lang.IndexOutOfBoundsException
	at experiment.util.ArrayList.remove(ArrayList.java:144)
	at experiment.util.Stack.pop(Stack.java:51)
	at experiment.drivers.AlejaStackTestDriver.pop(AlejaStackTestDriver.java:47)
	at experiment.drivers.test.Regression_AlejaStackTest_0_10000_1.test0556(Regression_AlejaStackTest_0_10000_1.java:5164)
169) test0561(experiment.drivers.test.Regression_AlejaStackTest_0_10000_1)
java.lang.AssertionError: Expected exception of type experiment.util.EmptyStackException; message: null
	at org.junit.Assert.fail(Assert.java:89)
	at experiment.drivers.test.Regression_AlejaStackTest_0_10000_1.test0561(Regression_AlejaStackTest_0_10000_1.java:5544)
170) test0568(experiment.drivers.test.Regression_AlejaStackTest_0_10000_1)
java.lang.IndexOutOfBoundsException
	at experiment.util.ArrayList.remove(ArrayList.java:144)
	at experiment.util.Stack.pop(Stack.java:51)
	at experiment.drivers.AlejaStackTestDriver.pop(AlejaStackTestDriver.java:47)
	at experiment.drivers.test.Regression_AlejaStackTest_0_10000_1.test0568(Regression_AlejaStackTest_0_10000_1.java:6102)
171) test0577(experiment.drivers.test.Regression_AlejaStackTest_0_10000_1)
java.lang.AssertionError: Expected exception of type experiment.util.EmptyStackException; message: null
	at org.junit.Assert.fail(Assert.java:89)
	at experiment.drivers.test.Regression_AlejaStackTest_0_10000_1.test0577(Regression_AlejaStackTest_0_10000_1.java:7142)
172) test0584(experiment.drivers.test.Regression_AlejaStackTest_0_10000_1)
java.lang.IndexOutOfBoundsException
	at experiment.util.ArrayList.remove(ArrayList.java:144)
	at experiment.util.Stack.pop(Stack.java:51)
	at experiment.drivers.AlejaStackTestDriver.pop(AlejaStackTestDriver.java:47)
	at experiment.drivers.test.Regression_AlejaStackTest_0_10000_1.test0584(Regression_AlejaStackTest_0_10000_1.java:7869)
173) test0587(experiment.drivers.test.Regression_AlejaStackTest_0_10000_1)
java.lang.AssertionError: Expected exception of type experiment.util.EmptyStackException; message: null
	at org.junit.Assert.fail(Assert.java:89)
	at experiment.drivers.test.Regression_AlejaStackTest_0_10000_1.test0587(Regression_AlejaStackTest_0_10000_1.java:8168)
174) test0589(experiment.drivers.test.Regression_AlejaStackTest_0_10000_1)
java.lang.AssertionError: Expected exception of type experiment.util.EmptyStackException; message: null
	at org.junit.Assert.fail(Assert.java:89)
	at experiment.drivers.test.Regression_AlejaStackTest_0_10000_1.test0589(Regression_AlejaStackTest_0_10000_1.java:8341)
175) test0599(experiment.drivers.test.Regression_AlejaStackTest_0_10000_1)
java.lang.AssertionError: Expected exception of type experiment.util.EmptyStackException; message: null
	at org.junit.Assert.fail(Assert.java:89)
	at experiment.drivers.test.Regression_AlejaStackTest_0_10000_1.test0599(Regression_AlejaStackTest_0_10000_1.java:9381)
176) test0602(experiment.drivers.test.Regression_AlejaStackTest_0_10000_1)
java.lang.AssertionError: Expected exception of type experiment.util.EmptyStackException; message: null
	at org.junit.Assert.fail(Assert.java:89)
	at experiment.drivers.test.Regression_AlejaStackTest_0_10000_1.test0602(Regression_AlejaStackTest_0_10000_1.java:9715)
177) test0605(experiment.drivers.test.Regression_AlejaStackTest_0_10000_1)
java.lang.AssertionError: Expected exception of type experiment.util.EmptyStackException; message: null
	at org.junit.Assert.fail(Assert.java:89)
	at experiment.drivers.test.Regression_AlejaStackTest_0_10000_1.test0605(Regression_AlejaStackTest_0_10000_1.java:9959)
178) test0607(experiment.drivers.test.Regression_AlejaStackTest_0_10000_1)
java.lang.IndexOutOfBoundsException
	at experiment.util.ArrayList.remove(ArrayList.java:144)
	at experiment.util.Stack.pop(Stack.java:51)
	at experiment.drivers.AlejaStackTestDriver.pop(AlejaStackTestDriver.java:47)
	at experiment.drivers.test.Regression_AlejaStackTest_0_10000_1.test0607(Regression_AlejaStackTest_0_10000_1.java:10152)
179) test0608(experiment.drivers.test.Regression_AlejaStackTest_0_10000_1)
java.lang.AssertionError: Expected exception of type experiment.util.EmptyStackException; message: null
	at org.junit.Assert.fail(Assert.java:89)
	at experiment.drivers.test.Regression_AlejaStackTest_0_10000_1.test0608(Regression_AlejaStackTest_0_10000_1.java:10240)
180) test0609(experiment.drivers.test.Regression_AlejaStackTest_0_10000_1)
java.lang.IndexOutOfBoundsException
	at experiment.util.ArrayList.remove(ArrayList.java:144)
	at experiment.util.Stack.pop(Stack.java:51)
	at experiment.drivers.AlejaStackTestDriver.pop(AlejaStackTestDriver.java:47)
	at experiment.drivers.test.Regression_AlejaStackTest_0_10000_1.test0609(Regression_AlejaStackTest_0_10000_1.java:10335)
181) test0610(experiment.drivers.test.Regression_AlejaStackTest_0_10000_1)
java.lang.AssertionError: Expected exception of type experiment.util.EmptyStackException; message: null
	at org.junit.Assert.fail(Assert.java:89)
	at experiment.drivers.test.Regression_AlejaStackTest_0_10000_1.test0610(Regression_AlejaStackTest_0_10000_1.java:10411)
182) test0613(experiment.drivers.test.Regression_AlejaStackTest_0_10000_1)
java.lang.AssertionError: Expected exception of type experiment.util.EmptyStackException; message: null
	at org.junit.Assert.fail(Assert.java:89)
	at experiment.drivers.test.Regression_AlejaStackTest_0_10000_1.test0613(Regression_AlejaStackTest_0_10000_1.java:10718)
183) test0616(experiment.drivers.test.Regression_AlejaStackTest_0_10000_1)
java.lang.AssertionError: Expected exception of type experiment.util.EmptyStackException; message: null
	at org.junit.Assert.fail(Assert.java:89)
	at experiment.drivers.test.Regression_AlejaStackTest_0_10000_1.test0616(Regression_AlejaStackTest_0_10000_1.java:11118)
184) test0617(experiment.drivers.test.Regression_AlejaStackTest_0_10000_1)
java.lang.AssertionError: Expected exception of type experiment.util.EmptyStackException; message: null
	at org.junit.Assert.fail(Assert.java:89)
	at experiment.drivers.test.Regression_AlejaStackTest_0_10000_1.test0617(Regression_AlejaStackTest_0_10000_1.java:11198)
185) test0621(experiment.drivers.test.Regression_AlejaStackTest_0_10000_1)
java.lang.AssertionError: Expected exception of type experiment.util.EmptyStackException; message: null
	at org.junit.Assert.fail(Assert.java:89)
	at experiment.drivers.test.Regression_AlejaStackTest_0_10000_1.test0621(Regression_AlejaStackTest_0_10000_1.java:11549)
186) test0623(experiment.drivers.test.Regression_AlejaStackTest_0_10000_1)
java.lang.AssertionError: Expected exception of type experiment.util.EmptyStackException; message: null
	at org.junit.Assert.fail(Assert.java:89)
	at experiment.drivers.test.Regression_AlejaStackTest_0_10000_1.test0623(Regression_AlejaStackTest_0_10000_1.java:11815)
187) test0627(experiment.drivers.test.Regression_AlejaStackTest_0_10000_1)
java.lang.AssertionError: Expected exception of type experiment.util.EmptyStackException; message: null
	at org.junit.Assert.fail(Assert.java:89)
	at experiment.drivers.test.Regression_AlejaStackTest_0_10000_1.test0627(Regression_AlejaStackTest_0_10000_1.java:12359)
188) test0628(experiment.drivers.test.Regression_AlejaStackTest_0_10000_1)
java.lang.AssertionError: Expected exception of type experiment.util.EmptyStackException; message: null
	at org.junit.Assert.fail(Assert.java:89)
	at experiment.drivers.test.Regression_AlejaStackTest_0_10000_1.test0628(Regression_AlejaStackTest_0_10000_1.java:12482)
189) test0631(experiment.drivers.test.Regression_AlejaStackTest_0_10000_1)
java.lang.AssertionError: Expected exception of type experiment.util.EmptyStackException; message: null
	at org.junit.Assert.fail(Assert.java:89)
	at experiment.drivers.test.Regression_AlejaStackTest_0_10000_1.test0631(Regression_AlejaStackTest_0_10000_1.java:12836)
190) test0636(experiment.drivers.test.Regression_AlejaStackTest_0_10000_1)
java.lang.AssertionError: Expected exception of type experiment.util.EmptyStackException; message: null
	at org.junit.Assert.fail(Assert.java:89)
	at experiment.drivers.test.Regression_AlejaStackTest_0_10000_1.test0636(Regression_AlejaStackTest_0_10000_1.java:13258)
191) test0639(experiment.drivers.test.Regression_AlejaStackTest_0_10000_1)
java.lang.AssertionError: Expected exception of type experiment.util.EmptyStackException; message: null
	at org.junit.Assert.fail(Assert.java:89)
	at experiment.drivers.test.Regression_AlejaStackTest_0_10000_1.test0639(Regression_AlejaStackTest_0_10000_1.java:13675)
192) test0659(experiment.drivers.test.Regression_AlejaStackTest_0_10000_1)
java.lang.AssertionError: Expected exception of type experiment.util.EmptyStackException; message: null
	at org.junit.Assert.fail(Assert.java:89)
	at experiment.drivers.test.Regression_AlejaStackTest_0_10000_1.test0659(Regression_AlejaStackTest_0_10000_1.java:15781)
193) test0662(experiment.drivers.test.Regression_AlejaStackTest_0_10000_1)
java.lang.IndexOutOfBoundsException
	at experiment.util.ArrayList.remove(ArrayList.java:144)
	at experiment.util.Stack.pop(Stack.java:51)
	at experiment.drivers.AlejaStackTestDriver.pop(AlejaStackTestDriver.java:47)
	at experiment.drivers.test.Regression_AlejaStackTest_0_10000_1.test0662(Regression_AlejaStackTest_0_10000_1.java:15923)
194) test0667(experiment.drivers.test.Regression_AlejaStackTest_0_10000_1)
java.lang.AssertionError: Expected exception of type experiment.util.EmptyStackException; message: null
	at org.junit.Assert.fail(Assert.java:89)
	at experiment.drivers.test.Regression_AlejaStackTest_0_10000_1.test0667(Regression_AlejaStackTest_0_10000_1.java:16486)
195) test0668(experiment.drivers.test.Regression_AlejaStackTest_0_10000_1)
java.lang.IndexOutOfBoundsException
	at experiment.util.ArrayList.remove(ArrayList.java:144)
	at experiment.util.Stack.pop(Stack.java:51)
	at experiment.drivers.AlejaStackTestDriver.pop(AlejaStackTestDriver.java:47)
	at experiment.drivers.test.Regression_AlejaStackTest_0_10000_1.test0668(Regression_AlejaStackTest_0_10000_1.java:16556)
196) test0669(experiment.drivers.test.Regression_AlejaStackTest_0_10000_1)
java.lang.AssertionError: Expected exception of type experiment.util.EmptyStackException; message: null
	at org.junit.Assert.fail(Assert.java:89)
	at experiment.drivers.test.Regression_AlejaStackTest_0_10000_1.test0669(Regression_AlejaStackTest_0_10000_1.java:16611)
197) test0673(experiment.drivers.test.Regression_AlejaStackTest_0_10000_1)
java.lang.AssertionError: Expected exception of type experiment.util.EmptyStackException; message: null
	at org.junit.Assert.fail(Assert.java:89)
	at experiment.drivers.test.Regression_AlejaStackTest_0_10000_1.test0673(Regression_AlejaStackTest_0_10000_1.java:16984)
198) test0676(experiment.drivers.test.Regression_AlejaStackTest_0_10000_1)
java.lang.AssertionError: Expected exception of type experiment.util.EmptyStackException; message: null
	at org.junit.Assert.fail(Assert.java:89)
	at experiment.drivers.test.Regression_AlejaStackTest_0_10000_1.test0676(Regression_AlejaStackTest_0_10000_1.java:17247)
199) test0677(experiment.drivers.test.Regression_AlejaStackTest_0_10000_1)
java.lang.AssertionError: Expected exception of type experiment.util.EmptyStackException; message: null
	at org.junit.Assert.fail(Assert.java:89)
	at experiment.drivers.test.Regression_AlejaStackTest_0_10000_1.test0677(Regression_AlejaStackTest_0_10000_1.java:17374)
200) test0679(experiment.drivers.test.Regression_AlejaStackTest_0_10000_1)
java.lang.AssertionError: Expected exception of type experiment.util.EmptyStackException; message: null
	at org.junit.Assert.fail(Assert.java:89)
	at experiment.drivers.test.Regression_AlejaStackTest_0_10000_1.test0679(Regression_AlejaStackTest_0_10000_1.java:17543)
201) test0680(experiment.drivers.test.Regression_AlejaStackTest_0_10000_1)
java.lang.AssertionError: Expected exception of type experiment.util.EmptyStackException; message: null
	at org.junit.Assert.fail(Assert.java:89)
	at experiment.drivers.test.Regression_AlejaStackTest_0_10000_1.test0680(Regression_AlejaStackTest_0_10000_1.java:17591)
202) test0689(experiment.drivers.test.Regression_AlejaStackTest_0_10000_1)
java.lang.AssertionError: Expected exception of type experiment.util.EmptyStackException; message: null
	at org.junit.Assert.fail(Assert.java:89)
	at experiment.drivers.test.Regression_AlejaStackTest_0_10000_1.test0689(Regression_AlejaStackTest_0_10000_1.java:18309)
203) test0690(experiment.drivers.test.Regression_AlejaStackTest_0_10000_1)
java.lang.AssertionError: Expected exception of type experiment.util.EmptyStackException; message: null
	at org.junit.Assert.fail(Assert.java:89)
	at experiment.drivers.test.Regression_AlejaStackTest_0_10000_1.test0690(Regression_AlejaStackTest_0_10000_1.java:18336)
204) test0692(experiment.drivers.test.Regression_AlejaStackTest_0_10000_1)
java.lang.AssertionError: Expected exception of type experiment.util.EmptyStackException; message: null
	at org.junit.Assert.fail(Assert.java:89)
	at experiment.drivers.test.Regression_AlejaStackTest_0_10000_1.test0692(Regression_AlejaStackTest_0_10000_1.java:18550)
205) test0704(experiment.drivers.test.Regression_AlejaStackTest_0_10000_1)
java.lang.AssertionError: Expected exception of type experiment.util.EmptyStackException; message: null
	at org.junit.Assert.fail(Assert.java:89)
	at experiment.drivers.test.Regression_AlejaStackTest_0_10000_1.test0704(Regression_AlejaStackTest_0_10000_1.java:19692)
206) test0710(experiment.drivers.test.Regression_AlejaStackTest_0_10000_1)
java.lang.AssertionError: Expected exception of type experiment.util.EmptyStackException; message: null
	at org.junit.Assert.fail(Assert.java:89)
	at experiment.drivers.test.Regression_AlejaStackTest_0_10000_1.test0710(Regression_AlejaStackTest_0_10000_1.java:20378)
207) test0714(experiment.drivers.test.Regression_AlejaStackTest_0_10000_1)
java.lang.AssertionError: Expected exception of type experiment.util.EmptyStackException; message: null
	at org.junit.Assert.fail(Assert.java:89)
	at experiment.drivers.test.Regression_AlejaStackTest_0_10000_1.test0714(Regression_AlejaStackTest_0_10000_1.java:20746)
208) test0717(experiment.drivers.test.Regression_AlejaStackTest_0_10000_1)
java.lang.AssertionError: Expected exception of type experiment.util.EmptyStackException; message: null
	at org.junit.Assert.fail(Assert.java:89)
	at experiment.drivers.test.Regression_AlejaStackTest_0_10000_1.test0717(Regression_AlejaStackTest_0_10000_1.java:21077)
209) test0719(experiment.drivers.test.Regression_AlejaStackTest_0_10000_1)
java.lang.IndexOutOfBoundsException
	at experiment.util.ArrayList.remove(ArrayList.java:144)
	at experiment.util.Stack.pop(Stack.java:51)
	at experiment.drivers.AlejaStackTestDriver.pop(AlejaStackTestDriver.java:47)
	at experiment.drivers.test.Regression_AlejaStackTest_0_10000_1.test0719(Regression_AlejaStackTest_0_10000_1.java:21232)
210) test0720(experiment.drivers.test.Regression_AlejaStackTest_0_10000_1)
java.lang.AssertionError: Expected exception of type experiment.util.EmptyStackException; message: null
	at org.junit.Assert.fail(Assert.java:89)
	at experiment.drivers.test.Regression_AlejaStackTest_0_10000_1.test0720(Regression_AlejaStackTest_0_10000_1.java:21357)
211) test0721(experiment.drivers.test.Regression_AlejaStackTest_0_10000_1)
java.lang.AssertionError: Expected exception of type experiment.util.EmptyStackException; message: null
	at org.junit.Assert.fail(Assert.java:89)
	at experiment.drivers.test.Regression_AlejaStackTest_0_10000_1.test0721(Regression_AlejaStackTest_0_10000_1.java:21434)
212) test0726(experiment.drivers.test.Regression_AlejaStackTest_0_10000_1)
java.lang.AssertionError: Expected exception of type experiment.util.EmptyStackException; message: null
	at org.junit.Assert.fail(Assert.java:89)
	at experiment.drivers.test.Regression_AlejaStackTest_0_10000_1.test0726(Regression_AlejaStackTest_0_10000_1.java:21944)
213) test0727(experiment.drivers.test.Regression_AlejaStackTest_0_10000_1)
java.lang.AssertionError: Expected exception of type experiment.util.EmptyStackException; message: null
	at org.junit.Assert.fail(Assert.java:89)
	at experiment.drivers.test.Regression_AlejaStackTest_0_10000_1.test0727(Regression_AlejaStackTest_0_10000_1.java:22018)
214) test0730(experiment.drivers.test.Regression_AlejaStackTest_0_10000_1)
java.lang.IndexOutOfBoundsException
	at experiment.util.ArrayList.remove(ArrayList.java:144)
	at experiment.util.Stack.pop(Stack.java:51)
	at experiment.drivers.AlejaStackTestDriver.pop(AlejaStackTestDriver.java:47)
	at experiment.drivers.test.Regression_AlejaStackTest_0_10000_1.test0730(Regression_AlejaStackTest_0_10000_1.java:22285)
215) test0746(experiment.drivers.test.Regression_AlejaStackTest_0_10000_1)
java.lang.IndexOutOfBoundsException
	at experiment.util.ArrayList.remove(ArrayList.java:144)
	at experiment.util.Stack.pop(Stack.java:51)
	at experiment.drivers.AlejaStackTestDriver.pop(AlejaStackTestDriver.java:47)
	at experiment.drivers.test.Regression_AlejaStackTest_0_10000_1.test0746(Regression_AlejaStackTest_0_10000_1.java:23857)
216) test0749(experiment.drivers.test.Regression_AlejaStackTest_0_10000_1)
java.lang.AssertionError: Expected exception of type experiment.util.EmptyStackException; message: null
	at org.junit.Assert.fail(Assert.java:89)
	at experiment.drivers.test.Regression_AlejaStackTest_0_10000_1.test0749(Regression_AlejaStackTest_0_10000_1.java:24216)
217) test0751(experiment.drivers.test.Regression_AlejaStackTest_0_10000_1)
java.lang.AssertionError: Expected exception of type experiment.util.EmptyStackException; message: null
	at org.junit.Assert.fail(Assert.java:89)
	at experiment.drivers.test.Regression_AlejaStackTest_0_10000_1.test0751(Regression_AlejaStackTest_0_10000_1.java:24361)
218) test0760(experiment.drivers.test.Regression_AlejaStackTest_0_10000_1)
java.lang.AssertionError: Expected exception of type experiment.util.EmptyStackException; message: null
	at org.junit.Assert.fail(Assert.java:89)
	at experiment.drivers.test.Regression_AlejaStackTest_0_10000_1.test0760(Regression_AlejaStackTest_0_10000_1.java:25269)
219) test0763(experiment.drivers.test.Regression_AlejaStackTest_0_10000_1)
java.lang.IndexOutOfBoundsException
	at experiment.util.ArrayList.remove(ArrayList.java:144)
	at experiment.util.Stack.pop(Stack.java:51)
	at experiment.drivers.AlejaStackTestDriver.pop(AlejaStackTestDriver.java:47)
	at experiment.drivers.test.Regression_AlejaStackTest_0_10000_1.test0763(Regression_AlejaStackTest_0_10000_1.java:25611)
220) test0766(experiment.drivers.test.Regression_AlejaStackTest_0_10000_1)
java.lang.IndexOutOfBoundsException
	at experiment.util.ArrayList.remove(ArrayList.java:144)
	at experiment.util.Stack.pop(Stack.java:51)
	at experiment.drivers.AlejaStackTestDriver.pop(AlejaStackTestDriver.java:47)
	at experiment.drivers.test.Regression_AlejaStackTest_0_10000_1.test0766(Regression_AlejaStackTest_0_10000_1.java:25870)
221) test0768(experiment.drivers.test.Regression_AlejaStackTest_0_10000_1)
java.lang.AssertionError: Expected exception of type experiment.util.EmptyStackException; message: null
	at org.junit.Assert.fail(Assert.java:89)
	at experiment.drivers.test.Regression_AlejaStackTest_0_10000_1.test0768(Regression_AlejaStackTest_0_10000_1.java:26035)
222) test0777(experiment.drivers.test.Regression_AlejaStackTest_0_10000_1)
java.lang.AssertionError: Expected exception of type experiment.util.EmptyStackException; message: null
	at org.junit.Assert.fail(Assert.java:89)
	at experiment.drivers.test.Regression_AlejaStackTest_0_10000_1.test0777(Regression_AlejaStackTest_0_10000_1.java:27055)
223) test0778(experiment.drivers.test.Regression_AlejaStackTest_0_10000_1)
java.lang.IndexOutOfBoundsException
	at experiment.util.ArrayList.remove(ArrayList.java:144)
	at experiment.util.Stack.pop(Stack.java:51)
	at experiment.drivers.AlejaStackTestDriver.pop(AlejaStackTestDriver.java:47)
	at experiment.drivers.test.Regression_AlejaStackTest_0_10000_1.test0778(Regression_AlejaStackTest_0_10000_1.java:27156)
224) test0783(experiment.drivers.test.Regression_AlejaStackTest_0_10000_1)
java.lang.IndexOutOfBoundsException
	at experiment.util.ArrayList.remove(ArrayList.java:144)
	at experiment.util.Stack.pop(Stack.java:51)
	at experiment.drivers.AlejaStackTestDriver.pop(AlejaStackTestDriver.java:47)
	at experiment.drivers.test.Regression_AlejaStackTest_0_10000_1.test0783(Regression_AlejaStackTest_0_10000_1.java:27687)
225) test0785(experiment.drivers.test.Regression_AlejaStackTest_0_10000_1)
java.lang.AssertionError: Expected exception of type experiment.util.EmptyStackException; message: null
	at org.junit.Assert.fail(Assert.java:89)
	at experiment.drivers.test.Regression_AlejaStackTest_0_10000_1.test0785(Regression_AlejaStackTest_0_10000_1.java:27946)
226) test0792(experiment.drivers.test.Regression_AlejaStackTest_0_10000_1)
java.lang.AssertionError: Expected exception of type experiment.util.EmptyStackException; message: null
	at org.junit.Assert.fail(Assert.java:89)
	at experiment.drivers.test.Regression_AlejaStackTest_0_10000_1.test0792(Regression_AlejaStackTest_0_10000_1.java:28582)
227) test0793(experiment.drivers.test.Regression_AlejaStackTest_0_10000_1)
java.lang.AssertionError: Expected exception of type experiment.util.EmptyStackException; message: null
	at org.junit.Assert.fail(Assert.java:89)
	at experiment.drivers.test.Regression_AlejaStackTest_0_10000_1.test0793(Regression_AlejaStackTest_0_10000_1.java:28725)
228) test0796(experiment.drivers.test.Regression_AlejaStackTest_0_10000_1)
java.lang.AssertionError: Expected exception of type experiment.util.EmptyStackException; message: null
	at org.junit.Assert.fail(Assert.java:89)
	at experiment.drivers.test.Regression_AlejaStackTest_0_10000_1.test0796(Regression_AlejaStackTest_0_10000_1.java:28984)
229) test0797(experiment.drivers.test.Regression_AlejaStackTest_0_10000_1)
java.lang.AssertionError: Expected exception of type experiment.util.EmptyStackException; message: null
	at org.junit.Assert.fail(Assert.java:89)
	at experiment.drivers.test.Regression_AlejaStackTest_0_10000_1.test0797(Regression_AlejaStackTest_0_10000_1.java:29070)
230) test0806(experiment.drivers.test.Regression_AlejaStackTest_0_10000_1)
java.lang.AssertionError: Expected exception of type experiment.util.EmptyStackException; message: null
	at org.junit.Assert.fail(Assert.java:89)
	at experiment.drivers.test.Regression_AlejaStackTest_0_10000_1.test0806(Regression_AlejaStackTest_0_10000_1.java:29817)
231) test0807(experiment.drivers.test.Regression_AlejaStackTest_0_10000_1)
java.lang.AssertionError: Expected exception of type experiment.util.EmptyStackException; message: null
	at org.junit.Assert.fail(Assert.java:89)
	at experiment.drivers.test.Regression_AlejaStackTest_0_10000_1.test0807(Regression_AlejaStackTest_0_10000_1.java:29886)
232) test0809(experiment.drivers.test.Regression_AlejaStackTest_0_10000_1)
java.lang.AssertionError: Expected exception of type experiment.util.EmptyStackException; message: null
	at org.junit.Assert.fail(Assert.java:89)
	at experiment.drivers.test.Regression_AlejaStackTest_0_10000_1.test0809(Regression_AlejaStackTest_0_10000_1.java:30143)
233) test0810(experiment.drivers.test.Regression_AlejaStackTest_0_10000_1)
java.lang.AssertionError: Expected exception of type experiment.util.EmptyStackException; message: null
	at org.junit.Assert.fail(Assert.java:89)
	at experiment.drivers.test.Regression_AlejaStackTest_0_10000_1.test0810(Regression_AlejaStackTest_0_10000_1.java:30258)
234) test0813(experiment.drivers.test.Regression_AlejaStackTest_0_10000_1)
java.lang.IndexOutOfBoundsException
	at experiment.util.ArrayList.remove(ArrayList.java:144)
	at experiment.util.Stack.pop(Stack.java:51)
	at experiment.drivers.AlejaStackTestDriver.pop(AlejaStackTestDriver.java:47)
	at experiment.drivers.test.Regression_AlejaStackTest_0_10000_1.test0813(Regression_AlejaStackTest_0_10000_1.java:30388)
235) test0818(experiment.drivers.test.Regression_AlejaStackTest_0_10000_1)
java.lang.AssertionError: Expected exception of type experiment.util.EmptyStackException; message: null
	at org.junit.Assert.fail(Assert.java:89)
	at experiment.drivers.test.Regression_AlejaStackTest_0_10000_1.test0818(Regression_AlejaStackTest_0_10000_1.java:30776)
236) test0819(experiment.drivers.test.Regression_AlejaStackTest_0_10000_1)
java.lang.AssertionError: Expected exception of type experiment.util.EmptyStackException; message: null
	at org.junit.Assert.fail(Assert.java:89)
	at experiment.drivers.test.Regression_AlejaStackTest_0_10000_1.test0819(Regression_AlejaStackTest_0_10000_1.java:30838)
237) test0824(experiment.drivers.test.Regression_AlejaStackTest_0_10000_1)
java.lang.AssertionError: Expected exception of type experiment.util.EmptyStackException; message: null
	at org.junit.Assert.fail(Assert.java:89)
	at experiment.drivers.test.Regression_AlejaStackTest_0_10000_1.test0824(Regression_AlejaStackTest_0_10000_1.java:31332)
238) test0827(experiment.drivers.test.Regression_AlejaStackTest_0_10000_1)
java.lang.IndexOutOfBoundsException
	at experiment.util.ArrayList.remove(ArrayList.java:144)
	at experiment.util.Stack.pop(Stack.java:51)
	at experiment.drivers.AlejaStackTestDriver.pop(AlejaStackTestDriver.java:47)
	at experiment.drivers.test.Regression_AlejaStackTest_0_10000_1.test0827(Regression_AlejaStackTest_0_10000_1.java:31588)
239) test0829(experiment.drivers.test.Regression_AlejaStackTest_0_10000_1)
java.lang.AssertionError: Expected exception of type experiment.util.EmptyStackException; message: null
	at org.junit.Assert.fail(Assert.java:89)
	at experiment.drivers.test.Regression_AlejaStackTest_0_10000_1.test0829(Regression_AlejaStackTest_0_10000_1.java:31740)
240) test0837(experiment.drivers.test.Regression_AlejaStackTest_0_10000_1)
java.lang.AssertionError: Expected exception of type experiment.util.EmptyStackException; message: null
	at org.junit.Assert.fail(Assert.java:89)
	at experiment.drivers.test.Regression_AlejaStackTest_0_10000_1.test0837(Regression_AlejaStackTest_0_10000_1.java:32576)
241) test0838(experiment.drivers.test.Regression_AlejaStackTest_0_10000_1)
java.lang.IndexOutOfBoundsException
	at experiment.util.ArrayList.remove(ArrayList.java:144)
	at experiment.util.Stack.pop(Stack.java:51)
	at experiment.drivers.AlejaStackTestDriver.pop(AlejaStackTestDriver.java:47)
	at experiment.drivers.test.Regression_AlejaStackTest_0_10000_1.test0838(Regression_AlejaStackTest_0_10000_1.java:32700)
242) test0844(experiment.drivers.test.Regression_AlejaStackTest_0_10000_1)
java.lang.AssertionError: Expected exception of type experiment.util.EmptyStackException; message: null
	at org.junit.Assert.fail(Assert.java:89)
	at experiment.drivers.test.Regression_AlejaStackTest_0_10000_1.test0844(Regression_AlejaStackTest_0_10000_1.java:33230)
243) test0859(experiment.drivers.test.Regression_AlejaStackTest_0_10000_1)
java.lang.AssertionError: Expected exception of type experiment.util.EmptyStackException; message: null
	at org.junit.Assert.fail(Assert.java:89)
	at experiment.drivers.test.Regression_AlejaStackTest_0_10000_1.test0859(Regression_AlejaStackTest_0_10000_1.java:34585)
244) test0860(experiment.drivers.test.Regression_AlejaStackTest_0_10000_1)
java.lang.AssertionError: Expected exception of type experiment.util.EmptyStackException; message: null
	at org.junit.Assert.fail(Assert.java:89)
	at experiment.drivers.test.Regression_AlejaStackTest_0_10000_1.test0860(Regression_AlejaStackTest_0_10000_1.java:34675)
245) test0868(experiment.drivers.test.Regression_AlejaStackTest_0_10000_1)
java.lang.AssertionError: Expected exception of type experiment.util.EmptyStackException; message: null
	at org.junit.Assert.fail(Assert.java:89)
	at experiment.drivers.test.Regression_AlejaStackTest_0_10000_1.test0868(Regression_AlejaStackTest_0_10000_1.java:35583)
246) test0870(experiment.drivers.test.Regression_AlejaStackTest_0_10000_1)
java.lang.IndexOutOfBoundsException
	at experiment.util.ArrayList.remove(ArrayList.java:144)
	at experiment.util.Stack.pop(Stack.java:51)
	at experiment.drivers.AlejaStackTestDriver.pop(AlejaStackTestDriver.java:47)
	at experiment.drivers.test.Regression_AlejaStackTest_0_10000_1.test0870(Regression_AlejaStackTest_0_10000_1.java:35726)
247) test0878(experiment.drivers.test.Regression_AlejaStackTest_0_10000_1)
java.lang.AssertionError: Expected exception of type experiment.util.EmptyStackException; message: null
	at org.junit.Assert.fail(Assert.java:89)
	at experiment.drivers.test.Regression_AlejaStackTest_0_10000_1.test0878(Regression_AlejaStackTest_0_10000_1.java:36578)
248) test0879(experiment.drivers.test.Regression_AlejaStackTest_0_10000_1)
java.lang.AssertionError: Expected exception of type experiment.util.EmptyStackException; message: null
	at org.junit.Assert.fail(Assert.java:89)
	at experiment.drivers.test.Regression_AlejaStackTest_0_10000_1.test0879(Regression_AlejaStackTest_0_10000_1.java:36695)
249) test0891(experiment.drivers.test.Regression_AlejaStackTest_0_10000_1)
java.lang.AssertionError: Expected exception of type experiment.util.EmptyStackException; message: null
	at org.junit.Assert.fail(Assert.java:89)
	at experiment.drivers.test.Regression_AlejaStackTest_0_10000_1.test0891(Regression_AlejaStackTest_0_10000_1.java:37833)
250) test0892(experiment.drivers.test.Regression_AlejaStackTest_0_10000_1)
java.lang.IndexOutOfBoundsException
	at experiment.util.ArrayList.remove(ArrayList.java:144)
	at experiment.util.Stack.pop(Stack.java:51)
	at experiment.drivers.AlejaStackTestDriver.pop(AlejaStackTestDriver.java:47)
	at experiment.drivers.test.Regression_AlejaStackTest_0_10000_1.test0892(Regression_AlejaStackTest_0_10000_1.java:37959)
251) test0894(experiment.drivers.test.Regression_AlejaStackTest_0_10000_1)
java.lang.IndexOutOfBoundsException
	at experiment.util.ArrayList.remove(ArrayList.java:144)
	at experiment.util.Stack.pop(Stack.java:51)
	at experiment.drivers.AlejaStackTestDriver.pop(AlejaStackTestDriver.java:47)
	at experiment.drivers.test.Regression_AlejaStackTest_0_10000_1.test0894(Regression_AlejaStackTest_0_10000_1.java:38163)
252) test0895(experiment.drivers.test.Regression_AlejaStackTest_0_10000_1)
java.lang.AssertionError: Expected exception of type experiment.util.EmptyStackException; message: null
	at org.junit.Assert.fail(Assert.java:89)
	at experiment.drivers.test.Regression_AlejaStackTest_0_10000_1.test0895(Regression_AlejaStackTest_0_10000_1.java:38203)
253) test0903(experiment.drivers.test.Regression_AlejaStackTest_0_10000_1)
java.lang.AssertionError: Expected exception of type experiment.util.EmptyStackException; message: null
	at org.junit.Assert.fail(Assert.java:89)
	at experiment.drivers.test.Regression_AlejaStackTest_0_10000_1.test0903(Regression_AlejaStackTest_0_10000_1.java:39011)
254) test0914(experiment.drivers.test.Regression_AlejaStackTest_0_10000_1)
java.lang.IndexOutOfBoundsException
	at experiment.util.ArrayList.remove(ArrayList.java:144)
	at experiment.util.Stack.pop(Stack.java:51)
	at experiment.drivers.AlejaStackTestDriver.pop(AlejaStackTestDriver.java:47)
	at experiment.drivers.test.Regression_AlejaStackTest_0_10000_1.test0914(Regression_AlejaStackTest_0_10000_1.java:39989)
255) test0919(experiment.drivers.test.Regression_AlejaStackTest_0_10000_1)
java.lang.AssertionError: Expected exception of type experiment.util.EmptyStackException; message: null
	at org.junit.Assert.fail(Assert.java:89)
	at experiment.drivers.test.Regression_AlejaStackTest_0_10000_1.test0919(Regression_AlejaStackTest_0_10000_1.java:40434)
256) test0925(experiment.drivers.test.Regression_AlejaStackTest_0_10000_1)
java.lang.AssertionError: Expected exception of type experiment.util.EmptyStackException; message: null
	at org.junit.Assert.fail(Assert.java:89)
	at experiment.drivers.test.Regression_AlejaStackTest_0_10000_1.test0925(Regression_AlejaStackTest_0_10000_1.java:41027)
257) test0935(experiment.drivers.test.Regression_AlejaStackTest_0_10000_1)
java.lang.AssertionError: Expected exception of type experiment.util.EmptyStackException; message: null
	at org.junit.Assert.fail(Assert.java:89)
	at experiment.drivers.test.Regression_AlejaStackTest_0_10000_1.test0935(Regression_AlejaStackTest_0_10000_1.java:42214)
258) test0936(experiment.drivers.test.Regression_AlejaStackTest_0_10000_1)
java.lang.AssertionError: Expected exception of type experiment.util.EmptyStackException; message: null
	at org.junit.Assert.fail(Assert.java:89)
	at experiment.drivers.test.Regression_AlejaStackTest_0_10000_1.test0936(Regression_AlejaStackTest_0_10000_1.java:42287)
259) test0950(experiment.drivers.test.Regression_AlejaStackTest_0_10000_1)
java.lang.IndexOutOfBoundsException
	at experiment.util.ArrayList.remove(ArrayList.java:144)
	at experiment.util.Stack.pop(Stack.java:51)
	at experiment.drivers.AlejaStackTestDriver.pop(AlejaStackTestDriver.java:47)
	at experiment.drivers.test.Regression_AlejaStackTest_0_10000_1.test0950(Regression_AlejaStackTest_0_10000_1.java:43562)
260) test0952(experiment.drivers.test.Regression_AlejaStackTest_0_10000_1)
java.lang.AssertionError: Expected exception of type experiment.util.EmptyStackException; message: null
	at org.junit.Assert.fail(Assert.java:89)
	at experiment.drivers.test.Regression_AlejaStackTest_0_10000_1.test0952(Regression_AlejaStackTest_0_10000_1.java:43733)
261) test0953(experiment.drivers.test.Regression_AlejaStackTest_0_10000_1)
java.lang.AssertionError: Expected exception of type experiment.util.EmptyStackException; message: null
	at org.junit.Assert.fail(Assert.java:89)
	at experiment.drivers.test.Regression_AlejaStackTest_0_10000_1.test0953(Regression_AlejaStackTest_0_10000_1.java:43827)
262) test0954(experiment.drivers.test.Regression_AlejaStackTest_0_10000_1)
java.lang.IndexOutOfBoundsException
	at experiment.util.ArrayList.remove(ArrayList.java:144)
	at experiment.util.Stack.pop(Stack.java:51)
	at experiment.drivers.AlejaStackTestDriver.pop(AlejaStackTestDriver.java:47)
	at experiment.drivers.test.Regression_AlejaStackTest_0_10000_1.test0954(Regression_AlejaStackTest_0_10000_1.java:43861)
263) test0959(experiment.drivers.test.Regression_AlejaStackTest_0_10000_1)
java.lang.AssertionError: Expected exception of type experiment.util.EmptyStackException; message: null
	at org.junit.Assert.fail(Assert.java:89)
	at experiment.drivers.test.Regression_AlejaStackTest_0_10000_1.test0959(Regression_AlejaStackTest_0_10000_1.java:44337)
264) test0966(experiment.drivers.test.Regression_AlejaStackTest_0_10000_1)
java.lang.AssertionError: Expected exception of type experiment.util.EmptyStackException; message: null
	at org.junit.Assert.fail(Assert.java:89)
	at experiment.drivers.test.Regression_AlejaStackTest_0_10000_1.test0966(Regression_AlejaStackTest_0_10000_1.java:44993)
265) test0967(experiment.drivers.test.Regression_AlejaStackTest_0_10000_1)
java.lang.AssertionError: Expected exception of type experiment.util.EmptyStackException; message: null
	at org.junit.Assert.fail(Assert.java:89)
	at experiment.drivers.test.Regression_AlejaStackTest_0_10000_1.test0967(Regression_AlejaStackTest_0_10000_1.java:45124)
266) test0969(experiment.drivers.test.Regression_AlejaStackTest_0_10000_1)
java.lang.AssertionError: Expected exception of type experiment.util.EmptyStackException; message: null
	at org.junit.Assert.fail(Assert.java:89)
	at experiment.drivers.test.Regression_AlejaStackTest_0_10000_1.test0969(Regression_AlejaStackTest_0_10000_1.java:45396)
267) test0982(experiment.drivers.test.Regression_AlejaStackTest_0_10000_1)
java.lang.AssertionError: Expected exception of type experiment.util.EmptyStackException; message: null
	at org.junit.Assert.fail(Assert.java:89)
	at experiment.drivers.test.Regression_AlejaStackTest_0_10000_1.test0982(Regression_AlejaStackTest_0_10000_1.java:46585)
268) test0983(experiment.drivers.test.Regression_AlejaStackTest_0_10000_1)
java.lang.AssertionError: Expected exception of type experiment.util.EmptyStackException; message: null
	at org.junit.Assert.fail(Assert.java:89)
	at experiment.drivers.test.Regression_AlejaStackTest_0_10000_1.test0983(Regression_AlejaStackTest_0_10000_1.java:46682)
269) test1004(experiment.drivers.test.Regression_AlejaStackTest_0_10000_2)
java.lang.AssertionError: Expected exception of type experiment.util.EmptyStackException; message: null
	at org.junit.Assert.fail(Assert.java:89)
	at experiment.drivers.test.Regression_AlejaStackTest_0_10000_2.test1004(Regression_AlejaStackTest_0_10000_2.java:406)
270) test1007(experiment.drivers.test.Regression_AlejaStackTest_0_10000_2)
java.lang.AssertionError: Expected exception of type experiment.util.EmptyStackException; message: null
	at org.junit.Assert.fail(Assert.java:89)
	at experiment.drivers.test.Regression_AlejaStackTest_0_10000_2.test1007(Regression_AlejaStackTest_0_10000_2.java:693)
271) test1011(experiment.drivers.test.Regression_AlejaStackTest_0_10000_2)
java.lang.AssertionError: Expected exception of type experiment.util.EmptyStackException; message: null
	at org.junit.Assert.fail(Assert.java:89)
	at experiment.drivers.test.Regression_AlejaStackTest_0_10000_2.test1011(Regression_AlejaStackTest_0_10000_2.java:1098)
272) test1017(experiment.drivers.test.Regression_AlejaStackTest_0_10000_2)
java.lang.AssertionError: Expected exception of type experiment.util.EmptyStackException; message: null
	at org.junit.Assert.fail(Assert.java:89)
	at experiment.drivers.test.Regression_AlejaStackTest_0_10000_2.test1017(Regression_AlejaStackTest_0_10000_2.java:1773)
273) test1019(experiment.drivers.test.Regression_AlejaStackTest_0_10000_2)
java.lang.AssertionError: Expected exception of type experiment.util.EmptyStackException; message: null
	at org.junit.Assert.fail(Assert.java:89)
	at experiment.drivers.test.Regression_AlejaStackTest_0_10000_2.test1019(Regression_AlejaStackTest_0_10000_2.java:1999)
274) test1020(experiment.drivers.test.Regression_AlejaStackTest_0_10000_2)
java.lang.AssertionError: Expected exception of type experiment.util.EmptyStackException; message: null
	at org.junit.Assert.fail(Assert.java:89)
	at experiment.drivers.test.Regression_AlejaStackTest_0_10000_2.test1020(Regression_AlejaStackTest_0_10000_2.java:2123)
275) test1029(experiment.drivers.test.Regression_AlejaStackTest_0_10000_2)
java.lang.AssertionError: Expected exception of type experiment.util.EmptyStackException; message: null
	at org.junit.Assert.fail(Assert.java:89)
	at experiment.drivers.test.Regression_AlejaStackTest_0_10000_2.test1029(Regression_AlejaStackTest_0_10000_2.java:2971)
276) test1034(experiment.drivers.test.Regression_AlejaStackTest_0_10000_2)
java.lang.AssertionError: Expected exception of type experiment.util.EmptyStackException; message: null
	at org.junit.Assert.fail(Assert.java:89)
	at experiment.drivers.test.Regression_AlejaStackTest_0_10000_2.test1034(Regression_AlejaStackTest_0_10000_2.java:3380)
277) test1036(experiment.drivers.test.Regression_AlejaStackTest_0_10000_2)
java.lang.AssertionError: Expected exception of type experiment.util.EmptyStackException; message: null
	at org.junit.Assert.fail(Assert.java:89)
	at experiment.drivers.test.Regression_AlejaStackTest_0_10000_2.test1036(Regression_AlejaStackTest_0_10000_2.java:3610)
278) test1037(experiment.drivers.test.Regression_AlejaStackTest_0_10000_2)
java.lang.IndexOutOfBoundsException
	at experiment.util.ArrayList.remove(ArrayList.java:144)
	at experiment.util.Stack.pop(Stack.java:51)
	at experiment.drivers.AlejaStackTestDriver.pop(AlejaStackTestDriver.java:47)
	at experiment.drivers.test.Regression_AlejaStackTest_0_10000_2.test1037(Regression_AlejaStackTest_0_10000_2.java:3710)
279) test1044(experiment.drivers.test.Regression_AlejaStackTest_0_10000_2)
java.lang.AssertionError: Expected exception of type experiment.util.EmptyStackException; message: null
	at org.junit.Assert.fail(Assert.java:89)
	at experiment.drivers.test.Regression_AlejaStackTest_0_10000_2.test1044(Regression_AlejaStackTest_0_10000_2.java:4477)
280) test1054(experiment.drivers.test.Regression_AlejaStackTest_0_10000_2)
java.lang.IndexOutOfBoundsException
	at experiment.util.ArrayList.remove(ArrayList.java:144)
	at experiment.util.Stack.pop(Stack.java:51)
	at experiment.drivers.AlejaStackTestDriver.pop(AlejaStackTestDriver.java:47)
	at experiment.drivers.test.Regression_AlejaStackTest_0_10000_2.test1054(Regression_AlejaStackTest_0_10000_2.java:5511)
281) test1055(experiment.drivers.test.Regression_AlejaStackTest_0_10000_2)
java.lang.AssertionError: Expected exception of type experiment.util.EmptyStackException; message: null
	at org.junit.Assert.fail(Assert.java:89)
	at experiment.drivers.test.Regression_AlejaStackTest_0_10000_2.test1055(Regression_AlejaStackTest_0_10000_2.java:5562)
282) test1067(experiment.drivers.test.Regression_AlejaStackTest_0_10000_2)
java.lang.AssertionError: Expected exception of type experiment.util.EmptyStackException; message: null
	at org.junit.Assert.fail(Assert.java:89)
	at experiment.drivers.test.Regression_AlejaStackTest_0_10000_2.test1067(Regression_AlejaStackTest_0_10000_2.java:6710)
283) test1075(experiment.drivers.test.Regression_AlejaStackTest_0_10000_2)
java.lang.IndexOutOfBoundsException
	at experiment.util.ArrayList.remove(ArrayList.java:144)
	at experiment.util.Stack.pop(Stack.java:51)
	at experiment.drivers.AlejaStackTestDriver.pop(AlejaStackTestDriver.java:47)
	at experiment.drivers.test.Regression_AlejaStackTest_0_10000_2.test1075(Regression_AlejaStackTest_0_10000_2.java:7519)
284) test1076(experiment.drivers.test.Regression_AlejaStackTest_0_10000_2)
java.lang.AssertionError: Expected exception of type experiment.util.EmptyStackException; message: null
	at org.junit.Assert.fail(Assert.java:89)
	at experiment.drivers.test.Regression_AlejaStackTest_0_10000_2.test1076(Regression_AlejaStackTest_0_10000_2.java:7558)
285) test1090(experiment.drivers.test.Regression_AlejaStackTest_0_10000_2)
java.lang.AssertionError: Expected exception of type experiment.util.EmptyStackException; message: null
	at org.junit.Assert.fail(Assert.java:89)
	at experiment.drivers.test.Regression_AlejaStackTest_0_10000_2.test1090(Regression_AlejaStackTest_0_10000_2.java:9027)
286) test1097(experiment.drivers.test.Regression_AlejaStackTest_0_10000_2)
java.lang.AssertionError: Expected exception of type experiment.util.EmptyStackException; message: null
	at org.junit.Assert.fail(Assert.java:89)
	at experiment.drivers.test.Regression_AlejaStackTest_0_10000_2.test1097(Regression_AlejaStackTest_0_10000_2.java:9720)
287) test1099(experiment.drivers.test.Regression_AlejaStackTest_0_10000_2)
java.lang.IndexOutOfBoundsException
	at experiment.util.ArrayList.remove(ArrayList.java:144)
	at experiment.util.Stack.pop(Stack.java:51)
	at experiment.drivers.AlejaStackTestDriver.pop(AlejaStackTestDriver.java:47)
	at experiment.drivers.test.Regression_AlejaStackTest_0_10000_2.test1099(Regression_AlejaStackTest_0_10000_2.java:9954)
288) test1102(experiment.drivers.test.Regression_AlejaStackTest_0_10000_2)
java.lang.AssertionError: Expected exception of type experiment.util.EmptyStackException; message: null
	at org.junit.Assert.fail(Assert.java:89)
	at experiment.drivers.test.Regression_AlejaStackTest_0_10000_2.test1102(Regression_AlejaStackTest_0_10000_2.java:10175)
289) test1112(experiment.drivers.test.Regression_AlejaStackTest_0_10000_2)
java.lang.AssertionError: Expected exception of type experiment.util.EmptyStackException; message: null
	at org.junit.Assert.fail(Assert.java:89)
	at experiment.drivers.test.Regression_AlejaStackTest_0_10000_2.test1112(Regression_AlejaStackTest_0_10000_2.java:11287)
290) test1113(experiment.drivers.test.Regression_AlejaStackTest_0_10000_2)
java.lang.AssertionError: Expected exception of type experiment.util.EmptyStackException; message: null
	at org.junit.Assert.fail(Assert.java:89)
	at experiment.drivers.test.Regression_AlejaStackTest_0_10000_2.test1113(Regression_AlejaStackTest_0_10000_2.java:11405)
291) test1125(experiment.drivers.test.Regression_AlejaStackTest_0_10000_2)
java.lang.AssertionError: Expected exception of type experiment.util.EmptyStackException; message: null
	at org.junit.Assert.fail(Assert.java:89)
	at experiment.drivers.test.Regression_AlejaStackTest_0_10000_2.test1125(Regression_AlejaStackTest_0_10000_2.java:12500)
292) test1132(experiment.drivers.test.Regression_AlejaStackTest_0_10000_2)
java.lang.AssertionError: Expected exception of type experiment.util.EmptyStackException; message: null
	at org.junit.Assert.fail(Assert.java:89)
	at experiment.drivers.test.Regression_AlejaStackTest_0_10000_2.test1132(Regression_AlejaStackTest_0_10000_2.java:13038)
293) test1140(experiment.drivers.test.Regression_AlejaStackTest_0_10000_2)
java.lang.AssertionError: Expected exception of type experiment.util.EmptyStackException; message: null
	at org.junit.Assert.fail(Assert.java:89)
	at experiment.drivers.test.Regression_AlejaStackTest_0_10000_2.test1140(Regression_AlejaStackTest_0_10000_2.java:13776)
294) test1146(experiment.drivers.test.Regression_AlejaStackTest_0_10000_2)
java.lang.AssertionError: Expected exception of type experiment.util.EmptyStackException; message: null
	at org.junit.Assert.fail(Assert.java:89)
	at experiment.drivers.test.Regression_AlejaStackTest_0_10000_2.test1146(Regression_AlejaStackTest_0_10000_2.java:14350)
295) test1147(experiment.drivers.test.Regression_AlejaStackTest_0_10000_2)
java.lang.IndexOutOfBoundsException
	at experiment.util.ArrayList.remove(ArrayList.java:144)
	at experiment.util.Stack.pop(Stack.java:51)
	at experiment.drivers.AlejaStackTestDriver.pop(AlejaStackTestDriver.java:47)
	at experiment.drivers.test.Regression_AlejaStackTest_0_10000_2.test1147(Regression_AlejaStackTest_0_10000_2.java:14486)
296) test1152(experiment.drivers.test.Regression_AlejaStackTest_0_10000_2)
java.lang.AssertionError: Expected exception of type experiment.util.EmptyStackException; message: null
	at org.junit.Assert.fail(Assert.java:89)
	at experiment.drivers.test.Regression_AlejaStackTest_0_10000_2.test1152(Regression_AlejaStackTest_0_10000_2.java:14894)
297) test1153(experiment.drivers.test.Regression_AlejaStackTest_0_10000_2)
java.lang.AssertionError: Expected exception of type experiment.util.EmptyStackException; message: null
	at org.junit.Assert.fail(Assert.java:89)
	at experiment.drivers.test.Regression_AlejaStackTest_0_10000_2.test1153(Regression_AlejaStackTest_0_10000_2.java:14971)
298) test1167(experiment.drivers.test.Regression_AlejaStackTest_0_10000_2)
java.lang.AssertionError: Expected exception of type experiment.util.EmptyStackException; message: null
	at org.junit.Assert.fail(Assert.java:89)
	at experiment.drivers.test.Regression_AlejaStackTest_0_10000_2.test1167(Regression_AlejaStackTest_0_10000_2.java:16444)
299) test1169(experiment.drivers.test.Regression_AlejaStackTest_0_10000_2)
java.lang.IndexOutOfBoundsException
	at experiment.util.ArrayList.remove(ArrayList.java:144)
	at experiment.util.Stack.pop(Stack.java:51)
	at experiment.drivers.AlejaStackTestDriver.pop(AlejaStackTestDriver.java:47)
	at experiment.drivers.test.Regression_AlejaStackTest_0_10000_2.test1169(Regression_AlejaStackTest_0_10000_2.java:16684)
300) test1176(experiment.drivers.test.Regression_AlejaStackTest_0_10000_2)
java.lang.AssertionError: Expected exception of type experiment.util.EmptyStackException; message: null
	at org.junit.Assert.fail(Assert.java:89)
	at experiment.drivers.test.Regression_AlejaStackTest_0_10000_2.test1176(Regression_AlejaStackTest_0_10000_2.java:17238)
301) test1188(experiment.drivers.test.Regression_AlejaStackTest_0_10000_2)
java.lang.AssertionError: Expected exception of type experiment.util.EmptyStackException; message: null
	at org.junit.Assert.fail(Assert.java:89)
	at experiment.drivers.test.Regression_AlejaStackTest_0_10000_2.test1188(Regression_AlejaStackTest_0_10000_2.java:18322)
302) test1189(experiment.drivers.test.Regression_AlejaStackTest_0_10000_2)
java.lang.AssertionError: Expected exception of type experiment.util.EmptyStackException; message: null
	at org.junit.Assert.fail(Assert.java:89)
	at experiment.drivers.test.Regression_AlejaStackTest_0_10000_2.test1189(Regression_AlejaStackTest_0_10000_2.java:18412)
303) test1195(experiment.drivers.test.Regression_AlejaStackTest_0_10000_2)
java.lang.AssertionError: Expected exception of type experiment.util.EmptyStackException; message: null
	at org.junit.Assert.fail(Assert.java:89)
	at experiment.drivers.test.Regression_AlejaStackTest_0_10000_2.test1195(Regression_AlejaStackTest_0_10000_2.java:19127)
304) test1197(experiment.drivers.test.Regression_AlejaStackTest_0_10000_2)
java.lang.AssertionError: Expected exception of type experiment.util.EmptyStackException; message: null
	at org.junit.Assert.fail(Assert.java:89)
	at experiment.drivers.test.Regression_AlejaStackTest_0_10000_2.test1197(Regression_AlejaStackTest_0_10000_2.java:19311)
305) test1203(experiment.drivers.test.Regression_AlejaStackTest_0_10000_2)
java.lang.AssertionError: Expected exception of type experiment.util.EmptyStackException; message: null
	at org.junit.Assert.fail(Assert.java:89)
	at experiment.drivers.test.Regression_AlejaStackTest_0_10000_2.test1203(Regression_AlejaStackTest_0_10000_2.java:19908)
306) test1205(experiment.drivers.test.Regression_AlejaStackTest_0_10000_2)
java.lang.AssertionError: Expected exception of type experiment.util.EmptyStackException; message: null
	at org.junit.Assert.fail(Assert.java:89)
	at experiment.drivers.test.Regression_AlejaStackTest_0_10000_2.test1205(Regression_AlejaStackTest_0_10000_2.java:20087)
307) test1223(experiment.drivers.test.Regression_AlejaStackTest_0_10000_2)
java.lang.AssertionError: Expected exception of type experiment.util.EmptyStackException; message: null
	at org.junit.Assert.fail(Assert.java:89)
	at experiment.drivers.test.Regression_AlejaStackTest_0_10000_2.test1223(Regression_AlejaStackTest_0_10000_2.java:22084)
308) test1236(experiment.drivers.test.Regression_AlejaStackTest_0_10000_2)
java.lang.AssertionError: Expected exception of type experiment.util.EmptyStackException; message: null
	at org.junit.Assert.fail(Assert.java:89)
	at experiment.drivers.test.Regression_AlejaStackTest_0_10000_2.test1236(Regression_AlejaStackTest_0_10000_2.java:23491)
309) test1246(experiment.drivers.test.Regression_AlejaStackTest_0_10000_2)
java.lang.AssertionError: Expected exception of type experiment.util.EmptyStackException; message: null
	at org.junit.Assert.fail(Assert.java:89)
	at experiment.drivers.test.Regression_AlejaStackTest_0_10000_2.test1246(Regression_AlejaStackTest_0_10000_2.java:24314)
310) test1250(experiment.drivers.test.Regression_AlejaStackTest_0_10000_2)
java.lang.AssertionError: Expected exception of type experiment.util.EmptyStackException; message: null
	at org.junit.Assert.fail(Assert.java:89)
	at experiment.drivers.test.Regression_AlejaStackTest_0_10000_2.test1250(Regression_AlejaStackTest_0_10000_2.java:24775)
311) test1252(experiment.drivers.test.Regression_AlejaStackTest_0_10000_2)
java.lang.AssertionError: Expected exception of type experiment.util.EmptyStackException; message: null
	at org.junit.Assert.fail(Assert.java:89)
	at experiment.drivers.test.Regression_AlejaStackTest_0_10000_2.test1252(Regression_AlejaStackTest_0_10000_2.java:24989)
312) test1259(experiment.drivers.test.Regression_AlejaStackTest_0_10000_2)
java.lang.AssertionError: Expected exception of type experiment.util.EmptyStackException; message: null
	at org.junit.Assert.fail(Assert.java:89)
	at experiment.drivers.test.Regression_AlejaStackTest_0_10000_2.test1259(Regression_AlejaStackTest_0_10000_2.java:25591)
313) test1262(experiment.drivers.test.Regression_AlejaStackTest_0_10000_2)
java.lang.IndexOutOfBoundsException
	at experiment.util.ArrayList.remove(ArrayList.java:144)
	at experiment.util.Stack.pop(Stack.java:51)
	at experiment.drivers.AlejaStackTestDriver.pop(AlejaStackTestDriver.java:47)
	at experiment.drivers.test.Regression_AlejaStackTest_0_10000_2.test1262(Regression_AlejaStackTest_0_10000_2.java:25768)
314) test1263(experiment.drivers.test.Regression_AlejaStackTest_0_10000_2)
java.lang.AssertionError: Expected exception of type experiment.util.EmptyStackException; message: null
	at org.junit.Assert.fail(Assert.java:89)
	at experiment.drivers.test.Regression_AlejaStackTest_0_10000_2.test1263(Regression_AlejaStackTest_0_10000_2.java:25846)
315) test1267(experiment.drivers.test.Regression_AlejaStackTest_0_10000_2)
java.lang.AssertionError: Expected exception of type experiment.util.EmptyStackException; message: null
	at org.junit.Assert.fail(Assert.java:89)
	at experiment.drivers.test.Regression_AlejaStackTest_0_10000_2.test1267(Regression_AlejaStackTest_0_10000_2.java:26303)
316) test1270(experiment.drivers.test.Regression_AlejaStackTest_0_10000_2)
java.lang.AssertionError: Expected exception of type experiment.util.EmptyStackException; message: null
	at org.junit.Assert.fail(Assert.java:89)
	at experiment.drivers.test.Regression_AlejaStackTest_0_10000_2.test1270(Regression_AlejaStackTest_0_10000_2.java:26481)
317) test1276(experiment.drivers.test.Regression_AlejaStackTest_0_10000_2)
java.lang.AssertionError: Expected exception of type experiment.util.EmptyStackException; message: null
	at org.junit.Assert.fail(Assert.java:89)
	at experiment.drivers.test.Regression_AlejaStackTest_0_10000_2.test1276(Regression_AlejaStackTest_0_10000_2.java:27089)
318) test1277(experiment.drivers.test.Regression_AlejaStackTest_0_10000_2)
java.lang.IndexOutOfBoundsException
	at experiment.util.ArrayList.remove(ArrayList.java:144)
	at experiment.util.Stack.pop(Stack.java:51)
	at experiment.drivers.AlejaStackTestDriver.pop(AlejaStackTestDriver.java:47)
	at experiment.drivers.test.Regression_AlejaStackTest_0_10000_2.test1277(Regression_AlejaStackTest_0_10000_2.java:27202)
319) test1279(experiment.drivers.test.Regression_AlejaStackTest_0_10000_2)
java.lang.IndexOutOfBoundsException
	at experiment.util.ArrayList.remove(ArrayList.java:144)
	at experiment.util.Stack.pop(Stack.java:51)
	at experiment.drivers.AlejaStackTestDriver.pop(AlejaStackTestDriver.java:47)
	at experiment.drivers.test.Regression_AlejaStackTest_0_10000_2.test1279(Regression_AlejaStackTest_0_10000_2.java:27453)
320) test1288(experiment.drivers.test.Regression_AlejaStackTest_0_10000_2)
java.lang.AssertionError: Expected exception of type experiment.util.EmptyStackException; message: null
	at org.junit.Assert.fail(Assert.java:89)
	at experiment.drivers.test.Regression_AlejaStackTest_0_10000_2.test1288(Regression_AlejaStackTest_0_10000_2.java:28421)
321) test1289(experiment.drivers.test.Regression_AlejaStackTest_0_10000_2)
java.lang.AssertionError: Expected exception of type experiment.util.EmptyStackException; message: null
	at org.junit.Assert.fail(Assert.java:89)
	at experiment.drivers.test.Regression_AlejaStackTest_0_10000_2.test1289(Regression_AlejaStackTest_0_10000_2.java:28547)
322) test1304(experiment.drivers.test.Regression_AlejaStackTest_0_10000_2)
java.lang.AssertionError: Expected exception of type experiment.util.EmptyStackException; message: null
	at org.junit.Assert.fail(Assert.java:89)
	at experiment.drivers.test.Regression_AlejaStackTest_0_10000_2.test1304(Regression_AlejaStackTest_0_10000_2.java:30308)
323) test1305(experiment.drivers.test.Regression_AlejaStackTest_0_10000_2)
java.lang.AssertionError: Expected exception of type experiment.util.EmptyStackException; message: null
	at org.junit.Assert.fail(Assert.java:89)
	at experiment.drivers.test.Regression_AlejaStackTest_0_10000_2.test1305(Regression_AlejaStackTest_0_10000_2.java:30431)
324) test1307(experiment.drivers.test.Regression_AlejaStackTest_0_10000_2)
java.lang.AssertionError: Expected exception of type experiment.util.EmptyStackException; message: null
	at org.junit.Assert.fail(Assert.java:89)
	at experiment.drivers.test.Regression_AlejaStackTest_0_10000_2.test1307(Regression_AlejaStackTest_0_10000_2.java:30684)
325) test1308(experiment.drivers.test.Regression_AlejaStackTest_0_10000_2)
java.lang.AssertionError: Expected exception of type experiment.util.EmptyStackException; message: null
	at org.junit.Assert.fail(Assert.java:89)
	at experiment.drivers.test.Regression_AlejaStackTest_0_10000_2.test1308(Regression_AlejaStackTest_0_10000_2.java:30736)
326) test1312(experiment.drivers.test.Regression_AlejaStackTest_0_10000_2)
java.lang.AssertionError: Expected exception of type experiment.util.EmptyStackException; message: null
	at org.junit.Assert.fail(Assert.java:89)
	at experiment.drivers.test.Regression_AlejaStackTest_0_10000_2.test1312(Regression_AlejaStackTest_0_10000_2.java:31177)
327) test1315(experiment.drivers.test.Regression_AlejaStackTest_0_10000_2)
java.lang.IndexOutOfBoundsException
	at experiment.util.ArrayList.remove(ArrayList.java:144)
	at experiment.util.Stack.pop(Stack.java:51)
	at experiment.drivers.AlejaStackTestDriver.pop(AlejaStackTestDriver.java:47)
	at experiment.drivers.test.Regression_AlejaStackTest_0_10000_2.test1315(Regression_AlejaStackTest_0_10000_2.java:31515)
328) test1322(experiment.drivers.test.Regression_AlejaStackTest_0_10000_2)
java.lang.IndexOutOfBoundsException
	at experiment.util.ArrayList.remove(ArrayList.java:144)
	at experiment.util.Stack.pop(Stack.java:51)
	at experiment.drivers.AlejaStackTestDriver.pop(AlejaStackTestDriver.java:47)
	at experiment.drivers.test.Regression_AlejaStackTest_0_10000_2.test1322(Regression_AlejaStackTest_0_10000_2.java:32154)
329) test1329(experiment.drivers.test.Regression_AlejaStackTest_0_10000_2)
java.lang.AssertionError: Expected exception of type experiment.util.EmptyStackException; message: null
	at org.junit.Assert.fail(Assert.java:89)
	at experiment.drivers.test.Regression_AlejaStackTest_0_10000_2.test1329(Regression_AlejaStackTest_0_10000_2.java:32679)
330) test1331(experiment.drivers.test.Regression_AlejaStackTest_0_10000_2)
java.lang.AssertionError: Expected exception of type experiment.util.EmptyStackException; message: null
	at org.junit.Assert.fail(Assert.java:89)
	at experiment.drivers.test.Regression_AlejaStackTest_0_10000_2.test1331(Regression_AlejaStackTest_0_10000_2.java:32919)
331) test1333(experiment.drivers.test.Regression_AlejaStackTest_0_10000_2)
java.lang.AssertionError: Expected exception of type experiment.util.EmptyStackException; message: null
	at org.junit.Assert.fail(Assert.java:89)
	at experiment.drivers.test.Regression_AlejaStackTest_0_10000_2.test1333(Regression_AlejaStackTest_0_10000_2.java:33134)
332) test1338(experiment.drivers.test.Regression_AlejaStackTest_0_10000_2)
java.lang.AssertionError: Expected exception of type experiment.util.EmptyStackException; message: null
	at org.junit.Assert.fail(Assert.java:89)
	at experiment.drivers.test.Regression_AlejaStackTest_0_10000_2.test1338(Regression_AlejaStackTest_0_10000_2.java:33614)
333) test1344(experiment.drivers.test.Regression_AlejaStackTest_0_10000_2)
java.lang.AssertionError: Expected exception of type experiment.util.EmptyStackException; message: null
	at org.junit.Assert.fail(Assert.java:89)
	at experiment.drivers.test.Regression_AlejaStackTest_0_10000_2.test1344(Regression_AlejaStackTest_0_10000_2.java:34070)
334) test1349(experiment.drivers.test.Regression_AlejaStackTest_0_10000_2)
java.lang.IndexOutOfBoundsException
	at experiment.util.ArrayList.remove(ArrayList.java:144)
	at experiment.util.Stack.pop(Stack.java:51)
	at experiment.drivers.AlejaStackTestDriver.pop(AlejaStackTestDriver.java:47)
	at experiment.drivers.test.Regression_AlejaStackTest_0_10000_2.test1349(Regression_AlejaStackTest_0_10000_2.java:34599)
335) test1353(experiment.drivers.test.Regression_AlejaStackTest_0_10000_2)
java.lang.IndexOutOfBoundsException
	at experiment.util.ArrayList.remove(ArrayList.java:144)
	at experiment.util.Stack.pop(Stack.java:51)
	at experiment.drivers.AlejaStackTestDriver.pop(AlejaStackTestDriver.java:47)
	at experiment.drivers.test.Regression_AlejaStackTest_0_10000_2.test1353(Regression_AlejaStackTest_0_10000_2.java:35076)
336) test1355(experiment.drivers.test.Regression_AlejaStackTest_0_10000_2)
java.lang.IndexOutOfBoundsException
	at experiment.util.ArrayList.remove(ArrayList.java:144)
	at experiment.util.Stack.pop(Stack.java:51)
	at experiment.drivers.AlejaStackTestDriver.pop(AlejaStackTestDriver.java:47)
	at experiment.drivers.test.Regression_AlejaStackTest_0_10000_2.test1355(Regression_AlejaStackTest_0_10000_2.java:35343)
337) test1358(experiment.drivers.test.Regression_AlejaStackTest_0_10000_2)
java.lang.AssertionError: Expected exception of type experiment.util.EmptyStackException; message: null
	at org.junit.Assert.fail(Assert.java:89)
	at experiment.drivers.test.Regression_AlejaStackTest_0_10000_2.test1358(Regression_AlejaStackTest_0_10000_2.java:35651)
338) test1364(experiment.drivers.test.Regression_AlejaStackTest_0_10000_2)
java.lang.AssertionError: Expected exception of type experiment.util.EmptyStackException; message: null
	at org.junit.Assert.fail(Assert.java:89)
	at experiment.drivers.test.Regression_AlejaStackTest_0_10000_2.test1364(Regression_AlejaStackTest_0_10000_2.java:36150)
339) test1369(experiment.drivers.test.Regression_AlejaStackTest_0_10000_2)
java.lang.AssertionError: Expected exception of type experiment.util.EmptyStackException; message: null
	at org.junit.Assert.fail(Assert.java:89)
	at experiment.drivers.test.Regression_AlejaStackTest_0_10000_2.test1369(Regression_AlejaStackTest_0_10000_2.java:36577)
340) test1372(experiment.drivers.test.Regression_AlejaStackTest_0_10000_2)
java.lang.AssertionError: Expected exception of type experiment.util.EmptyStackException; message: null
	at org.junit.Assert.fail(Assert.java:89)
	at experiment.drivers.test.Regression_AlejaStackTest_0_10000_2.test1372(Regression_AlejaStackTest_0_10000_2.java:36791)
341) test1378(experiment.drivers.test.Regression_AlejaStackTest_0_10000_2)
java.lang.AssertionError: Expected exception of type experiment.util.EmptyStackException; message: null
	at org.junit.Assert.fail(Assert.java:89)
	at experiment.drivers.test.Regression_AlejaStackTest_0_10000_2.test1378(Regression_AlejaStackTest_0_10000_2.java:37508)
342) test1384(experiment.drivers.test.Regression_AlejaStackTest_0_10000_2)
java.lang.AssertionError: Expected exception of type experiment.util.EmptyStackException; message: null
	at org.junit.Assert.fail(Assert.java:89)
	at experiment.drivers.test.Regression_AlejaStackTest_0_10000_2.test1384(Regression_AlejaStackTest_0_10000_2.java:38200)
343) test1386(experiment.drivers.test.Regression_AlejaStackTest_0_10000_2)
java.lang.AssertionError: Expected exception of type experiment.util.EmptyStackException; message: null
	at org.junit.Assert.fail(Assert.java:89)
	at experiment.drivers.test.Regression_AlejaStackTest_0_10000_2.test1386(Regression_AlejaStackTest_0_10000_2.java:38386)
344) test1391(experiment.drivers.test.Regression_AlejaStackTest_0_10000_2)
java.lang.AssertionError: Expected exception of type experiment.util.EmptyStackException; message: null
	at org.junit.Assert.fail(Assert.java:89)
	at experiment.drivers.test.Regression_AlejaStackTest_0_10000_2.test1391(Regression_AlejaStackTest_0_10000_2.java:39029)
345) test1394(experiment.drivers.test.Regression_AlejaStackTest_0_10000_2)
java.lang.AssertionError: Expected exception of type experiment.util.EmptyStackException; message: null
	at org.junit.Assert.fail(Assert.java:89)
	at experiment.drivers.test.Regression_AlejaStackTest_0_10000_2.test1394(Regression_AlejaStackTest_0_10000_2.java:39361)
346) test1403(experiment.drivers.test.Regression_AlejaStackTest_0_10000_2)
java.lang.AssertionError: Expected exception of type experiment.util.EmptyStackException; message: null
	at org.junit.Assert.fail(Assert.java:89)
	at experiment.drivers.test.Regression_AlejaStackTest_0_10000_2.test1403(Regression_AlejaStackTest_0_10000_2.java:40350)
347) test1406(experiment.drivers.test.Regression_AlejaStackTest_0_10000_2)
java.lang.IndexOutOfBoundsException
	at experiment.util.ArrayList.remove(ArrayList.java:144)
	at experiment.util.Stack.pop(Stack.java:51)
	at experiment.drivers.AlejaStackTestDriver.pop(AlejaStackTestDriver.java:47)
	at experiment.drivers.test.Regression_AlejaStackTest_0_10000_2.test1406(Regression_AlejaStackTest_0_10000_2.java:40689)
348) test1410(experiment.drivers.test.Regression_AlejaStackTest_0_10000_2)
java.lang.AssertionError: Expected exception of type experiment.util.EmptyStackException; message: null
	at org.junit.Assert.fail(Assert.java:89)
	at experiment.drivers.test.Regression_AlejaStackTest_0_10000_2.test1410(Regression_AlejaStackTest_0_10000_2.java:41044)
349) test1413(experiment.drivers.test.Regression_AlejaStackTest_0_10000_2)
java.lang.IndexOutOfBoundsException
	at experiment.util.ArrayList.remove(ArrayList.java:144)
	at experiment.util.Stack.pop(Stack.java:51)
	at experiment.drivers.AlejaStackTestDriver.pop(AlejaStackTestDriver.java:47)
	at experiment.drivers.test.Regression_AlejaStackTest_0_10000_2.test1413(Regression_AlejaStackTest_0_10000_2.java:41237)
350) test1415(experiment.drivers.test.Regression_AlejaStackTest_0_10000_2)
java.lang.AssertionError: Expected exception of type experiment.util.EmptyStackException; message: null
	at org.junit.Assert.fail(Assert.java:89)
	at experiment.drivers.test.Regression_AlejaStackTest_0_10000_2.test1415(Regression_AlejaStackTest_0_10000_2.java:41413)
351) test1416(experiment.drivers.test.Regression_AlejaStackTest_0_10000_2)
java.lang.AssertionError: Expected exception of type experiment.util.EmptyStackException; message: null
	at org.junit.Assert.fail(Assert.java:89)
	at experiment.drivers.test.Regression_AlejaStackTest_0_10000_2.test1416(Regression_AlejaStackTest_0_10000_2.java:41466)
352) test1418(experiment.drivers.test.Regression_AlejaStackTest_0_10000_2)
java.lang.AssertionError: Expected exception of type experiment.util.EmptyStackException; message: null
	at org.junit.Assert.fail(Assert.java:89)
	at experiment.drivers.test.Regression_AlejaStackTest_0_10000_2.test1418(Regression_AlejaStackTest_0_10000_2.java:41607)
353) test1423(experiment.drivers.test.Regression_AlejaStackTest_0_10000_2)
java.lang.AssertionError: Expected exception of type experiment.util.EmptyStackException; message: null
	at org.junit.Assert.fail(Assert.java:89)
	at experiment.drivers.test.Regression_AlejaStackTest_0_10000_2.test1423(Regression_AlejaStackTest_0_10000_2.java:42166)
354) test1425(experiment.drivers.test.Regression_AlejaStackTest_0_10000_2)
java.lang.AssertionError: Expected exception of type experiment.util.EmptyStackException; message: null
	at org.junit.Assert.fail(Assert.java:89)
	at experiment.drivers.test.Regression_AlejaStackTest_0_10000_2.test1425(Regression_AlejaStackTest_0_10000_2.java:42390)
355) test1429(experiment.drivers.test.Regression_AlejaStackTest_0_10000_2)
java.lang.AssertionError: Expected exception of type experiment.util.EmptyStackException; message: null
	at org.junit.Assert.fail(Assert.java:89)
	at experiment.drivers.test.Regression_AlejaStackTest_0_10000_2.test1429(Regression_AlejaStackTest_0_10000_2.java:42896)
356) test1434(experiment.drivers.test.Regression_AlejaStackTest_0_10000_2)
java.lang.IndexOutOfBoundsException
	at experiment.util.ArrayList.remove(ArrayList.java:144)
	at experiment.util.Stack.pop(Stack.java:51)
	at experiment.drivers.AlejaStackTestDriver.pop(AlejaStackTestDriver.java:47)
	at experiment.drivers.test.Regression_AlejaStackTest_0_10000_2.test1434(Regression_AlejaStackTest_0_10000_2.java:43266)
357) test1439(experiment.drivers.test.Regression_AlejaStackTest_0_10000_2)
java.lang.IndexOutOfBoundsException
	at experiment.util.ArrayList.remove(ArrayList.java:144)
	at experiment.util.Stack.pop(Stack.java:51)
	at experiment.drivers.AlejaStackTestDriver.pop(AlejaStackTestDriver.java:47)
	at experiment.drivers.test.Regression_AlejaStackTest_0_10000_2.test1439(Regression_AlejaStackTest_0_10000_2.java:43803)
358) test1444(experiment.drivers.test.Regression_AlejaStackTest_0_10000_2)
java.lang.AssertionError: Expected exception of type experiment.util.EmptyStackException; message: null
	at org.junit.Assert.fail(Assert.java:89)
	at experiment.drivers.test.Regression_AlejaStackTest_0_10000_2.test1444(Regression_AlejaStackTest_0_10000_2.java:44296)
359) test1445(experiment.drivers.test.Regression_AlejaStackTest_0_10000_2)
java.lang.AssertionError: Expected exception of type experiment.util.EmptyStackException; message: null
	at org.junit.Assert.fail(Assert.java:89)
	at experiment.drivers.test.Regression_AlejaStackTest_0_10000_2.test1445(Regression_AlejaStackTest_0_10000_2.java:44405)
360) test1447(experiment.drivers.test.Regression_AlejaStackTest_0_10000_2)
java.lang.IndexOutOfBoundsException
	at experiment.util.ArrayList.remove(ArrayList.java:144)
	at experiment.util.Stack.pop(Stack.java:51)
	at experiment.drivers.AlejaStackTestDriver.pop(AlejaStackTestDriver.java:47)
	at experiment.drivers.test.Regression_AlejaStackTest_0_10000_2.test1447(Regression_AlejaStackTest_0_10000_2.java:44629)
361) test1448(experiment.drivers.test.Regression_AlejaStackTest_0_10000_2)
java.lang.AssertionError: Expected exception of type experiment.util.EmptyStackException; message: null
	at org.junit.Assert.fail(Assert.java:89)
	at experiment.drivers.test.Regression_AlejaStackTest_0_10000_2.test1448(Regression_AlejaStackTest_0_10000_2.java:44704)
362) test1449(experiment.drivers.test.Regression_AlejaStackTest_0_10000_2)
java.lang.AssertionError: Expected exception of type experiment.util.EmptyStackException; message: null
	at org.junit.Assert.fail(Assert.java:89)
	at experiment.drivers.test.Regression_AlejaStackTest_0_10000_2.test1449(Regression_AlejaStackTest_0_10000_2.java:44837)
363) test1450(experiment.drivers.test.Regression_AlejaStackTest_0_10000_2)
java.lang.AssertionError: Expected exception of type experiment.util.EmptyStackException; message: null
	at org.junit.Assert.fail(Assert.java:89)
	at experiment.drivers.test.Regression_AlejaStackTest_0_10000_2.test1450(Regression_AlejaStackTest_0_10000_2.java:44943)
364) test1465(experiment.drivers.test.Regression_AlejaStackTest_0_10000_2)
java.lang.AssertionError: Expected exception of type experiment.util.EmptyStackException; message: null
	at org.junit.Assert.fail(Assert.java:89)
	at experiment.drivers.test.Regression_AlejaStackTest_0_10000_2.test1465(Regression_AlejaStackTest_0_10000_2.java:46585)
365) test1468(experiment.drivers.test.Regression_AlejaStackTest_0_10000_2)
java.lang.AssertionError: Expected exception of type experiment.util.EmptyStackException; message: null
	at org.junit.Assert.fail(Assert.java:89)
	at experiment.drivers.test.Regression_AlejaStackTest_0_10000_2.test1468(Regression_AlejaStackTest_0_10000_2.java:46851)
366) test1474(experiment.drivers.test.Regression_AlejaStackTest_0_10000_2)
java.lang.AssertionError: Expected exception of type experiment.util.EmptyStackException; message: null
	at org.junit.Assert.fail(Assert.java:89)
	at experiment.drivers.test.Regression_AlejaStackTest_0_10000_2.test1474(Regression_AlejaStackTest_0_10000_2.java:47379)
367) test1490(experiment.drivers.test.Regression_AlejaStackTest_0_10000_2)
java.lang.IndexOutOfBoundsException
	at experiment.util.ArrayList.remove(ArrayList.java:144)
	at experiment.util.Stack.pop(Stack.java:51)
	at experiment.drivers.AlejaStackTestDriver.pop(AlejaStackTestDriver.java:47)
	at experiment.drivers.test.Regression_AlejaStackTest_0_10000_2.test1490(Regression_AlejaStackTest_0_10000_2.java:48811)
368) test1493(experiment.drivers.test.Regression_AlejaStackTest_0_10000_2)
java.lang.AssertionError: Expected exception of type experiment.util.EmptyStackException; message: null
	at org.junit.Assert.fail(Assert.java:89)
	at experiment.drivers.test.Regression_AlejaStackTest_0_10000_2.test1493(Regression_AlejaStackTest_0_10000_2.java:49189)
369) test1504(experiment.drivers.test.Regression_AlejaStackTest_0_10000_3)
java.lang.IndexOutOfBoundsException
	at experiment.util.ArrayList.remove(ArrayList.java:144)
	at experiment.util.Stack.pop(Stack.java:51)
	at experiment.drivers.AlejaStackTestDriver.pop(AlejaStackTestDriver.java:47)
	at experiment.drivers.test.Regression_AlejaStackTest_0_10000_3.test1504(Regression_AlejaStackTest_0_10000_3.java:343)
370) test1507(experiment.drivers.test.Regression_AlejaStackTest_0_10000_3)
java.lang.AssertionError: Expected exception of type experiment.util.EmptyStackException; message: null
	at org.junit.Assert.fail(Assert.java:89)
	at experiment.drivers.test.Regression_AlejaStackTest_0_10000_3.test1507(Regression_AlejaStackTest_0_10000_3.java:711)
371) test1509(experiment.drivers.test.Regression_AlejaStackTest_0_10000_3)
java.lang.AssertionError: Expected exception of type experiment.util.EmptyStackException; message: null
	at org.junit.Assert.fail(Assert.java:89)
	at experiment.drivers.test.Regression_AlejaStackTest_0_10000_3.test1509(Regression_AlejaStackTest_0_10000_3.java:962)
372) test1529(experiment.drivers.test.Regression_AlejaStackTest_0_10000_3)
java.lang.AssertionError: Expected exception of type experiment.util.EmptyStackException; message: null
	at org.junit.Assert.fail(Assert.java:89)
	at experiment.drivers.test.Regression_AlejaStackTest_0_10000_3.test1529(Regression_AlejaStackTest_0_10000_3.java:3348)
373) test1531(experiment.drivers.test.Regression_AlejaStackTest_0_10000_3)
java.lang.AssertionError: Expected exception of type experiment.util.EmptyStackException; message: null
	at org.junit.Assert.fail(Assert.java:89)
	at experiment.drivers.test.Regression_AlejaStackTest_0_10000_3.test1531(Regression_AlejaStackTest_0_10000_3.java:3612)
374) test1533(experiment.drivers.test.Regression_AlejaStackTest_0_10000_3)
java.lang.AssertionError: Expected exception of type experiment.util.EmptyStackException; message: null
	at org.junit.Assert.fail(Assert.java:89)
	at experiment.drivers.test.Regression_AlejaStackTest_0_10000_3.test1533(Regression_AlejaStackTest_0_10000_3.java:3895)
375) test1543(experiment.drivers.test.Regression_AlejaStackTest_0_10000_3)
java.lang.AssertionError: Expected exception of type experiment.util.EmptyStackException; message: null
	at org.junit.Assert.fail(Assert.java:89)
	at experiment.drivers.test.Regression_AlejaStackTest_0_10000_3.test1543(Regression_AlejaStackTest_0_10000_3.java:4864)
376) test1546(experiment.drivers.test.Regression_AlejaStackTest_0_10000_3)
java.lang.AssertionError: Expected exception of type experiment.util.EmptyStackException; message: null
	at org.junit.Assert.fail(Assert.java:89)
	at experiment.drivers.test.Regression_AlejaStackTest_0_10000_3.test1546(Regression_AlejaStackTest_0_10000_3.java:5073)
377) test1548(experiment.drivers.test.Regression_AlejaStackTest_0_10000_3)
java.lang.AssertionError: Expected exception of type experiment.util.EmptyStackException; message: null
	at org.junit.Assert.fail(Assert.java:89)
	at experiment.drivers.test.Regression_AlejaStackTest_0_10000_3.test1548(Regression_AlejaStackTest_0_10000_3.java:5284)
378) test1549(experiment.drivers.test.Regression_AlejaStackTest_0_10000_3)
java.lang.AssertionError: Expected exception of type experiment.util.EmptyStackException; message: null
	at org.junit.Assert.fail(Assert.java:89)
	at experiment.drivers.test.Regression_AlejaStackTest_0_10000_3.test1549(Regression_AlejaStackTest_0_10000_3.java:5410)
379) test1557(experiment.drivers.test.Regression_AlejaStackTest_0_10000_3)
java.lang.AssertionError: Expected exception of type experiment.util.EmptyStackException; message: null
	at org.junit.Assert.fail(Assert.java:89)
	at experiment.drivers.test.Regression_AlejaStackTest_0_10000_3.test1557(Regression_AlejaStackTest_0_10000_3.java:6145)
380) test1564(experiment.drivers.test.Regression_AlejaStackTest_0_10000_3)
java.lang.AssertionError: Expected exception of type experiment.util.EmptyStackException; message: null
	at org.junit.Assert.fail(Assert.java:89)
	at experiment.drivers.test.Regression_AlejaStackTest_0_10000_3.test1564(Regression_AlejaStackTest_0_10000_3.java:6866)
381) test1565(experiment.drivers.test.Regression_AlejaStackTest_0_10000_3)
java.lang.IndexOutOfBoundsException
	at experiment.util.ArrayList.remove(ArrayList.java:144)
	at experiment.util.Stack.pop(Stack.java:51)
	at experiment.drivers.AlejaStackTestDriver.pop(AlejaStackTestDriver.java:47)
	at experiment.drivers.test.Regression_AlejaStackTest_0_10000_3.test1565(Regression_AlejaStackTest_0_10000_3.java:6937)
382) test1566(experiment.drivers.test.Regression_AlejaStackTest_0_10000_3)
java.lang.AssertionError: Expected exception of type experiment.util.EmptyStackException; message: null
	at org.junit.Assert.fail(Assert.java:89)
	at experiment.drivers.test.Regression_AlejaStackTest_0_10000_3.test1566(Regression_AlejaStackTest_0_10000_3.java:7030)
383) test1567(experiment.drivers.test.Regression_AlejaStackTest_0_10000_3)
java.lang.AssertionError: Expected exception of type experiment.util.EmptyStackException; message: null
	at org.junit.Assert.fail(Assert.java:89)
	at experiment.drivers.test.Regression_AlejaStackTest_0_10000_3.test1567(Regression_AlejaStackTest_0_10000_3.java:7172)
384) test1571(experiment.drivers.test.Regression_AlejaStackTest_0_10000_3)
java.lang.AssertionError: Expected exception of type experiment.util.EmptyStackException; message: null
	at org.junit.Assert.fail(Assert.java:89)
	at experiment.drivers.test.Regression_AlejaStackTest_0_10000_3.test1571(Regression_AlejaStackTest_0_10000_3.java:7564)
385) test1574(experiment.drivers.test.Regression_AlejaStackTest_0_10000_3)
java.lang.AssertionError: Expected exception of type experiment.util.EmptyStackException; message: null
	at org.junit.Assert.fail(Assert.java:89)
	at experiment.drivers.test.Regression_AlejaStackTest_0_10000_3.test1574(Regression_AlejaStackTest_0_10000_3.java:7883)
386) test1578(experiment.drivers.test.Regression_AlejaStackTest_0_10000_3)
java.lang.AssertionError: Expected exception of type experiment.util.EmptyStackException; message: null
	at org.junit.Assert.fail(Assert.java:89)
	at experiment.drivers.test.Regression_AlejaStackTest_0_10000_3.test1578(Regression_AlejaStackTest_0_10000_3.java:8323)
387) test1581(experiment.drivers.test.Regression_AlejaStackTest_0_10000_3)
java.lang.AssertionError: Expected exception of type experiment.util.EmptyStackException; message: null
	at org.junit.Assert.fail(Assert.java:89)
	at experiment.drivers.test.Regression_AlejaStackTest_0_10000_3.test1581(Regression_AlejaStackTest_0_10000_3.java:8535)
388) test1586(experiment.drivers.test.Regression_AlejaStackTest_0_10000_3)
java.lang.AssertionError: Expected exception of type experiment.util.EmptyStackException; message: null
	at org.junit.Assert.fail(Assert.java:89)
	at experiment.drivers.test.Regression_AlejaStackTest_0_10000_3.test1586(Regression_AlejaStackTest_0_10000_3.java:9192)
389) test1587(experiment.drivers.test.Regression_AlejaStackTest_0_10000_3)
java.lang.AssertionError: Expected exception of type experiment.util.EmptyStackException; message: null
	at org.junit.Assert.fail(Assert.java:89)
	at experiment.drivers.test.Regression_AlejaStackTest_0_10000_3.test1587(Regression_AlejaStackTest_0_10000_3.java:9312)
390) test1594(experiment.drivers.test.Regression_AlejaStackTest_0_10000_3)
java.lang.AssertionError: Expected exception of type experiment.util.EmptyStackException; message: null
	at org.junit.Assert.fail(Assert.java:89)
	at experiment.drivers.test.Regression_AlejaStackTest_0_10000_3.test1594(Regression_AlejaStackTest_0_10000_3.java:10137)
391) test1605(experiment.drivers.test.Regression_AlejaStackTest_0_10000_3)
java.lang.AssertionError: Expected exception of type experiment.util.EmptyStackException; message: null
	at org.junit.Assert.fail(Assert.java:89)
	at experiment.drivers.test.Regression_AlejaStackTest_0_10000_3.test1605(Regression_AlejaStackTest_0_10000_3.java:11361)
392) test1608(experiment.drivers.test.Regression_AlejaStackTest_0_10000_3)
java.lang.IndexOutOfBoundsException
	at experiment.util.ArrayList.remove(ArrayList.java:144)
	at experiment.util.Stack.pop(Stack.java:51)
	at experiment.drivers.AlejaStackTestDriver.pop(AlejaStackTestDriver.java:47)
	at experiment.drivers.test.Regression_AlejaStackTest_0_10000_3.test1608(Regression_AlejaStackTest_0_10000_3.java:11703)
393) test1611(experiment.drivers.test.Regression_AlejaStackTest_0_10000_3)
java.lang.IndexOutOfBoundsException
	at experiment.util.ArrayList.remove(ArrayList.java:144)
	at experiment.util.Stack.pop(Stack.java:51)
	at experiment.drivers.AlejaStackTestDriver.pop(AlejaStackTestDriver.java:47)
	at experiment.drivers.test.Regression_AlejaStackTest_0_10000_3.test1611(Regression_AlejaStackTest_0_10000_3.java:11998)
394) test1621(experiment.drivers.test.Regression_AlejaStackTest_0_10000_3)
java.lang.IndexOutOfBoundsException
	at experiment.util.ArrayList.remove(ArrayList.java:144)
	at experiment.util.Stack.pop(Stack.java:51)
	at experiment.drivers.AlejaStackTestDriver.pop(AlejaStackTestDriver.java:47)
	at experiment.drivers.test.Regression_AlejaStackTest_0_10000_3.test1621(Regression_AlejaStackTest_0_10000_3.java:12938)
395) test1625(experiment.drivers.test.Regression_AlejaStackTest_0_10000_3)
java.lang.AssertionError: Expected exception of type experiment.util.EmptyStackException; message: null
	at org.junit.Assert.fail(Assert.java:89)
	at experiment.drivers.test.Regression_AlejaStackTest_0_10000_3.test1625(Regression_AlejaStackTest_0_10000_3.java:13381)
396) test1628(experiment.drivers.test.Regression_AlejaStackTest_0_10000_3)
java.lang.AssertionError: Expected exception of type experiment.util.EmptyStackException; message: null
	at org.junit.Assert.fail(Assert.java:89)
	at experiment.drivers.test.Regression_AlejaStackTest_0_10000_3.test1628(Regression_AlejaStackTest_0_10000_3.java:13691)
397) test1632(experiment.drivers.test.Regression_AlejaStackTest_0_10000_3)
java.lang.AssertionError: Expected exception of type experiment.util.EmptyStackException; message: null
	at org.junit.Assert.fail(Assert.java:89)
	at experiment.drivers.test.Regression_AlejaStackTest_0_10000_3.test1632(Regression_AlejaStackTest_0_10000_3.java:13960)
398) test1639(experiment.drivers.test.Regression_AlejaStackTest_0_10000_3)
java.lang.AssertionError: Expected exception of type experiment.util.EmptyStackException; message: null
	at org.junit.Assert.fail(Assert.java:89)
	at experiment.drivers.test.Regression_AlejaStackTest_0_10000_3.test1639(Regression_AlejaStackTest_0_10000_3.java:14559)
399) test1661(experiment.drivers.test.Regression_AlejaStackTest_0_10000_3)
java.lang.AssertionError: Expected exception of type experiment.util.EmptyStackException; message: null
	at org.junit.Assert.fail(Assert.java:89)
	at experiment.drivers.test.Regression_AlejaStackTest_0_10000_3.test1661(Regression_AlejaStackTest_0_10000_3.java:16424)
400) test1662(experiment.drivers.test.Regression_AlejaStackTest_0_10000_3)
java.lang.AssertionError: Expected exception of type experiment.util.EmptyStackException; message: null
	at org.junit.Assert.fail(Assert.java:89)
	at experiment.drivers.test.Regression_AlejaStackTest_0_10000_3.test1662(Regression_AlejaStackTest_0_10000_3.java:16512)
401) test1666(experiment.drivers.test.Regression_AlejaStackTest_0_10000_3)
java.lang.AssertionError: Expected exception of type experiment.util.EmptyStackException; message: null
	at org.junit.Assert.fail(Assert.java:89)
	at experiment.drivers.test.Regression_AlejaStackTest_0_10000_3.test1666(Regression_AlejaStackTest_0_10000_3.java:16851)
402) test1667(experiment.drivers.test.Regression_AlejaStackTest_0_10000_3)
java.lang.AssertionError: Expected exception of type experiment.util.EmptyStackException; message: null
	at org.junit.Assert.fail(Assert.java:89)
	at experiment.drivers.test.Regression_AlejaStackTest_0_10000_3.test1667(Regression_AlejaStackTest_0_10000_3.java:16971)
403) test1672(experiment.drivers.test.Regression_AlejaStackTest_0_10000_3)
java.lang.AssertionError: Expected exception of type experiment.util.EmptyStackException; message: null
	at org.junit.Assert.fail(Assert.java:89)
	at experiment.drivers.test.Regression_AlejaStackTest_0_10000_3.test1672(Regression_AlejaStackTest_0_10000_3.java:17498)
404) test1676(experiment.drivers.test.Regression_AlejaStackTest_0_10000_3)
java.lang.AssertionError: Expected exception of type experiment.util.EmptyStackException; message: null
	at org.junit.Assert.fail(Assert.java:89)
	at experiment.drivers.test.Regression_AlejaStackTest_0_10000_3.test1676(Regression_AlejaStackTest_0_10000_3.java:18037)
405) test1679(experiment.drivers.test.Regression_AlejaStackTest_0_10000_3)
java.lang.AssertionError: Expected exception of type experiment.util.EmptyStackException; message: null
	at org.junit.Assert.fail(Assert.java:89)
	at experiment.drivers.test.Regression_AlejaStackTest_0_10000_3.test1679(Regression_AlejaStackTest_0_10000_3.java:18312)
406) test1693(experiment.drivers.test.Regression_AlejaStackTest_0_10000_3)
java.lang.AssertionError: Expected exception of type experiment.util.EmptyStackException; message: null
	at org.junit.Assert.fail(Assert.java:89)
	at experiment.drivers.test.Regression_AlejaStackTest_0_10000_3.test1693(Regression_AlejaStackTest_0_10000_3.java:19870)
407) test1704(experiment.drivers.test.Regression_AlejaStackTest_0_10000_3)
java.lang.AssertionError: Expected exception of type experiment.util.EmptyStackException; message: null
	at org.junit.Assert.fail(Assert.java:89)
	at experiment.drivers.test.Regression_AlejaStackTest_0_10000_3.test1704(Regression_AlejaStackTest_0_10000_3.java:21094)
408) test1714(experiment.drivers.test.Regression_AlejaStackTest_0_10000_3)
java.lang.AssertionError: Expected exception of type experiment.util.EmptyStackException; message: null
	at org.junit.Assert.fail(Assert.java:89)
	at experiment.drivers.test.Regression_AlejaStackTest_0_10000_3.test1714(Regression_AlejaStackTest_0_10000_3.java:22127)
409) test1719(experiment.drivers.test.Regression_AlejaStackTest_0_10000_3)
java.lang.AssertionError: Expected exception of type experiment.util.EmptyStackException; message: null
	at org.junit.Assert.fail(Assert.java:89)
	at experiment.drivers.test.Regression_AlejaStackTest_0_10000_3.test1719(Regression_AlejaStackTest_0_10000_3.java:22626)
410) test1723(experiment.drivers.test.Regression_AlejaStackTest_0_10000_3)
java.lang.AssertionError: Expected exception of type experiment.util.EmptyStackException; message: null
	at org.junit.Assert.fail(Assert.java:89)
	at experiment.drivers.test.Regression_AlejaStackTest_0_10000_3.test1723(Regression_AlejaStackTest_0_10000_3.java:23009)
411) test1726(experiment.drivers.test.Regression_AlejaStackTest_0_10000_3)
java.lang.AssertionError: Expected exception of type experiment.util.EmptyStackException; message: null
	at org.junit.Assert.fail(Assert.java:89)
	at experiment.drivers.test.Regression_AlejaStackTest_0_10000_3.test1726(Regression_AlejaStackTest_0_10000_3.java:23337)
412) test1728(experiment.drivers.test.Regression_AlejaStackTest_0_10000_3)
java.lang.IndexOutOfBoundsException
	at experiment.util.ArrayList.remove(ArrayList.java:144)
	at experiment.util.Stack.pop(Stack.java:51)
	at experiment.drivers.AlejaStackTestDriver.pop(AlejaStackTestDriver.java:47)
	at experiment.drivers.test.Regression_AlejaStackTest_0_10000_3.test1728(Regression_AlejaStackTest_0_10000_3.java:23517)
413) test1730(experiment.drivers.test.Regression_AlejaStackTest_0_10000_3)
java.lang.AssertionError: Expected exception of type experiment.util.EmptyStackException; message: null
	at org.junit.Assert.fail(Assert.java:89)
	at experiment.drivers.test.Regression_AlejaStackTest_0_10000_3.test1730(Regression_AlejaStackTest_0_10000_3.java:23674)
414) test1741(experiment.drivers.test.Regression_AlejaStackTest_0_10000_3)
java.lang.AssertionError: Expected exception of type experiment.util.EmptyStackException; message: null
	at org.junit.Assert.fail(Assert.java:89)
	at experiment.drivers.test.Regression_AlejaStackTest_0_10000_3.test1741(Regression_AlejaStackTest_0_10000_3.java:24794)
415) test1744(experiment.drivers.test.Regression_AlejaStackTest_0_10000_3)
java.lang.AssertionError: Expected exception of type experiment.util.EmptyStackException; message: null
	at org.junit.Assert.fail(Assert.java:89)
	at experiment.drivers.test.Regression_AlejaStackTest_0_10000_3.test1744(Regression_AlejaStackTest_0_10000_3.java:25071)
416) test1757(experiment.drivers.test.Regression_AlejaStackTest_0_10000_3)
java.lang.IndexOutOfBoundsException
	at experiment.util.ArrayList.remove(ArrayList.java:144)
	at experiment.util.Stack.pop(Stack.java:51)
	at experiment.drivers.AlejaStackTestDriver.pop(AlejaStackTestDriver.java:47)
	at experiment.drivers.test.Regression_AlejaStackTest_0_10000_3.test1757(Regression_AlejaStackTest_0_10000_3.java:26596)
417) test1766(experiment.drivers.test.Regression_AlejaStackTest_0_10000_3)
java.lang.AssertionError: Expected exception of type experiment.util.EmptyStackException; message: null
	at org.junit.Assert.fail(Assert.java:89)
	at experiment.drivers.test.Regression_AlejaStackTest_0_10000_3.test1766(Regression_AlejaStackTest_0_10000_3.java:27315)
418) test1777(experiment.drivers.test.Regression_AlejaStackTest_0_10000_3)
java.lang.IndexOutOfBoundsException
	at experiment.util.ArrayList.remove(ArrayList.java:144)
	at experiment.util.Stack.pop(Stack.java:51)
	at experiment.drivers.AlejaStackTestDriver.pop(AlejaStackTestDriver.java:47)
	at experiment.drivers.test.Regression_AlejaStackTest_0_10000_3.test1777(Regression_AlejaStackTest_0_10000_3.java:28513)
419) test1778(experiment.drivers.test.Regression_AlejaStackTest_0_10000_3)
java.lang.AssertionError: Expected exception of type experiment.util.EmptyStackException; message: null
	at org.junit.Assert.fail(Assert.java:89)
	at experiment.drivers.test.Regression_AlejaStackTest_0_10000_3.test1778(Regression_AlejaStackTest_0_10000_3.java:28584)
420) test1780(experiment.drivers.test.Regression_AlejaStackTest_0_10000_3)
java.lang.AssertionError: Expected exception of type experiment.util.EmptyStackException; message: null
	at org.junit.Assert.fail(Assert.java:89)
	at experiment.drivers.test.Regression_AlejaStackTest_0_10000_3.test1780(Regression_AlejaStackTest_0_10000_3.java:28869)
421) test1781(experiment.drivers.test.Regression_AlejaStackTest_0_10000_3)
java.lang.AssertionError: Expected exception of type experiment.util.EmptyStackException; message: null
	at org.junit.Assert.fail(Assert.java:89)
	at experiment.drivers.test.Regression_AlejaStackTest_0_10000_3.test1781(Regression_AlejaStackTest_0_10000_3.java:28966)
422) test1786(experiment.drivers.test.Regression_AlejaStackTest_0_10000_3)
java.lang.AssertionError: Expected exception of type experiment.util.EmptyStackException; message: null
	at org.junit.Assert.fail(Assert.java:89)
	at experiment.drivers.test.Regression_AlejaStackTest_0_10000_3.test1786(Regression_AlejaStackTest_0_10000_3.java:29407)
423) test1791(experiment.drivers.test.Regression_AlejaStackTest_0_10000_3)
java.lang.AssertionError: Expected exception of type experiment.util.EmptyStackException; message: null
	at org.junit.Assert.fail(Assert.java:89)
	at experiment.drivers.test.Regression_AlejaStackTest_0_10000_3.test1791(Regression_AlejaStackTest_0_10000_3.java:30021)
424) test1796(experiment.drivers.test.Regression_AlejaStackTest_0_10000_3)
java.lang.AssertionError: Expected exception of type experiment.util.EmptyStackException; message: null
	at org.junit.Assert.fail(Assert.java:89)
	at experiment.drivers.test.Regression_AlejaStackTest_0_10000_3.test1796(Regression_AlejaStackTest_0_10000_3.java:30542)
425) test1800(experiment.drivers.test.Regression_AlejaStackTest_0_10000_3)
java.lang.IndexOutOfBoundsException
	at experiment.util.ArrayList.remove(ArrayList.java:144)
	at experiment.util.Stack.pop(Stack.java:51)
	at experiment.drivers.AlejaStackTestDriver.pop(AlejaStackTestDriver.java:47)
	at experiment.drivers.test.Regression_AlejaStackTest_0_10000_3.test1800(Regression_AlejaStackTest_0_10000_3.java:30852)
426) test1802(experiment.drivers.test.Regression_AlejaStackTest_0_10000_3)
java.lang.AssertionError: Expected exception of type experiment.util.EmptyStackException; message: null
	at org.junit.Assert.fail(Assert.java:89)
	at experiment.drivers.test.Regression_AlejaStackTest_0_10000_3.test1802(Regression_AlejaStackTest_0_10000_3.java:31058)
427) test1809(experiment.drivers.test.Regression_AlejaStackTest_0_10000_3)
java.lang.AssertionError: Expected exception of type experiment.util.EmptyStackException; message: null
	at org.junit.Assert.fail(Assert.java:89)
	at experiment.drivers.test.Regression_AlejaStackTest_0_10000_3.test1809(Regression_AlejaStackTest_0_10000_3.java:31760)
428) test1812(experiment.drivers.test.Regression_AlejaStackTest_0_10000_3)
java.lang.IndexOutOfBoundsException
	at experiment.util.ArrayList.remove(ArrayList.java:144)
	at experiment.util.Stack.pop(Stack.java:51)
	at experiment.drivers.AlejaStackTestDriver.pop(AlejaStackTestDriver.java:47)
	at experiment.drivers.test.Regression_AlejaStackTest_0_10000_3.test1812(Regression_AlejaStackTest_0_10000_3.java:32124)
429) test1823(experiment.drivers.test.Regression_AlejaStackTest_0_10000_3)
java.lang.IndexOutOfBoundsException
	at experiment.util.ArrayList.remove(ArrayList.java:144)
	at experiment.util.Stack.pop(Stack.java:51)
	at experiment.drivers.AlejaStackTestDriver.pop(AlejaStackTestDriver.java:47)
	at experiment.drivers.test.Regression_AlejaStackTest_0_10000_3.test1823(Regression_AlejaStackTest_0_10000_3.java:33246)
430) test1827(experiment.drivers.test.Regression_AlejaStackTest_0_10000_3)
java.lang.AssertionError: Expected exception of type experiment.util.EmptyStackException; message: null
	at org.junit.Assert.fail(Assert.java:89)
	at experiment.drivers.test.Regression_AlejaStackTest_0_10000_3.test1827(Regression_AlejaStackTest_0_10000_3.java:33610)
431) test1831(experiment.drivers.test.Regression_AlejaStackTest_0_10000_3)
java.lang.IndexOutOfBoundsException
	at experiment.util.ArrayList.remove(ArrayList.java:144)
	at experiment.util.Stack.pop(Stack.java:51)
	at experiment.drivers.AlejaStackTestDriver.pop(AlejaStackTestDriver.java:47)
	at experiment.drivers.test.Regression_AlejaStackTest_0_10000_3.test1831(Regression_AlejaStackTest_0_10000_3.java:34008)
432) test1834(experiment.drivers.test.Regression_AlejaStackTest_0_10000_3)
java.lang.AssertionError: Expected exception of type experiment.util.EmptyStackException; message: null
	at org.junit.Assert.fail(Assert.java:89)
	at experiment.drivers.test.Regression_AlejaStackTest_0_10000_3.test1834(Regression_AlejaStackTest_0_10000_3.java:34299)
433) test1837(experiment.drivers.test.Regression_AlejaStackTest_0_10000_3)
java.lang.AssertionError: Expected exception of type experiment.util.EmptyStackException; message: null
	at org.junit.Assert.fail(Assert.java:89)
	at experiment.drivers.test.Regression_AlejaStackTest_0_10000_3.test1837(Regression_AlejaStackTest_0_10000_3.java:34621)
434) test1840(experiment.drivers.test.Regression_AlejaStackTest_0_10000_3)
java.lang.AssertionError: Expected exception of type experiment.util.EmptyStackException; message: null
	at org.junit.Assert.fail(Assert.java:89)
	at experiment.drivers.test.Regression_AlejaStackTest_0_10000_3.test1840(Regression_AlejaStackTest_0_10000_3.java:34954)
435) test1846(experiment.drivers.test.Regression_AlejaStackTest_0_10000_3)
java.lang.AssertionError: Expected exception of type experiment.util.EmptyStackException; message: null
	at org.junit.Assert.fail(Assert.java:89)
	at experiment.drivers.test.Regression_AlejaStackTest_0_10000_3.test1846(Regression_AlejaStackTest_0_10000_3.java:35531)
436) test1847(experiment.drivers.test.Regression_AlejaStackTest_0_10000_3)
java.lang.IndexOutOfBoundsException
	at experiment.util.ArrayList.remove(ArrayList.java:144)
	at experiment.util.Stack.pop(Stack.java:51)
	at experiment.drivers.AlejaStackTestDriver.pop(AlejaStackTestDriver.java:47)
	at experiment.drivers.test.Regression_AlejaStackTest_0_10000_3.test1847(Regression_AlejaStackTest_0_10000_3.java:35568)
437) test1865(experiment.drivers.test.Regression_AlejaStackTest_0_10000_3)
java.lang.IndexOutOfBoundsException
	at experiment.util.ArrayList.remove(ArrayList.java:144)
	at experiment.util.Stack.pop(Stack.java:51)
	at experiment.drivers.AlejaStackTestDriver.pop(AlejaStackTestDriver.java:47)
	at experiment.drivers.test.Regression_AlejaStackTest_0_10000_3.test1865(Regression_AlejaStackTest_0_10000_3.java:37362)
438) test1871(experiment.drivers.test.Regression_AlejaStackTest_0_10000_3)
java.lang.AssertionError: Expected exception of type experiment.util.EmptyStackException; message: null
	at org.junit.Assert.fail(Assert.java:89)
	at experiment.drivers.test.Regression_AlejaStackTest_0_10000_3.test1871(Regression_AlejaStackTest_0_10000_3.java:37971)
439) test1875(experiment.drivers.test.Regression_AlejaStackTest_0_10000_3)
java.lang.AssertionError: Expected exception of type experiment.util.EmptyStackException; message: null
	at org.junit.Assert.fail(Assert.java:89)
	at experiment.drivers.test.Regression_AlejaStackTest_0_10000_3.test1875(Regression_AlejaStackTest_0_10000_3.java:38308)
440) test1877(experiment.drivers.test.Regression_AlejaStackTest_0_10000_3)
java.lang.AssertionError: Expected exception of type experiment.util.EmptyStackException; message: null
	at org.junit.Assert.fail(Assert.java:89)
	at experiment.drivers.test.Regression_AlejaStackTest_0_10000_3.test1877(Regression_AlejaStackTest_0_10000_3.java:38472)
441) test1878(experiment.drivers.test.Regression_AlejaStackTest_0_10000_3)
java.lang.AssertionError: Expected exception of type experiment.util.EmptyStackException; message: null
	at org.junit.Assert.fail(Assert.java:89)
	at experiment.drivers.test.Regression_AlejaStackTest_0_10000_3.test1878(Regression_AlejaStackTest_0_10000_3.java:38554)
442) test1887(experiment.drivers.test.Regression_AlejaStackTest_0_10000_3)
java.lang.AssertionError: Expected exception of type experiment.util.EmptyStackException; message: null
	at org.junit.Assert.fail(Assert.java:89)
	at experiment.drivers.test.Regression_AlejaStackTest_0_10000_3.test1887(Regression_AlejaStackTest_0_10000_3.java:39503)
443) test1892(experiment.drivers.test.Regression_AlejaStackTest_0_10000_3)
java.lang.IndexOutOfBoundsException
	at experiment.util.ArrayList.remove(ArrayList.java:144)
	at experiment.util.Stack.pop(Stack.java:51)
	at experiment.drivers.AlejaStackTestDriver.pop(AlejaStackTestDriver.java:47)
	at experiment.drivers.test.Regression_AlejaStackTest_0_10000_3.test1892(Regression_AlejaStackTest_0_10000_3.java:40132)
444) test1894(experiment.drivers.test.Regression_AlejaStackTest_0_10000_3)
java.lang.AssertionError: Expected exception of type experiment.util.EmptyStackException; message: null
	at org.junit.Assert.fail(Assert.java:89)
	at experiment.drivers.test.Regression_AlejaStackTest_0_10000_3.test1894(Regression_AlejaStackTest_0_10000_3.java:40294)
445) test1898(experiment.drivers.test.Regression_AlejaStackTest_0_10000_3)
java.lang.IndexOutOfBoundsException
	at experiment.util.ArrayList.remove(ArrayList.java:144)
	at experiment.util.Stack.pop(Stack.java:51)
	at experiment.drivers.AlejaStackTestDriver.pop(AlejaStackTestDriver.java:47)
	at experiment.drivers.test.Regression_AlejaStackTest_0_10000_3.test1898(Regression_AlejaStackTest_0_10000_3.java:40671)
446) test1902(experiment.drivers.test.Regression_AlejaStackTest_0_10000_3)
java.lang.AssertionError: Expected exception of type experiment.util.EmptyStackException; message: null
	at org.junit.Assert.fail(Assert.java:89)
	at experiment.drivers.test.Regression_AlejaStackTest_0_10000_3.test1902(Regression_AlejaStackTest_0_10000_3.java:40948)
447) test1905(experiment.drivers.test.Regression_AlejaStackTest_0_10000_3)
java.lang.IndexOutOfBoundsException
	at experiment.util.ArrayList.remove(ArrayList.java:144)
	at experiment.util.Stack.pop(Stack.java:51)
	at experiment.drivers.AlejaStackTestDriver.pop(AlejaStackTestDriver.java:47)
	at experiment.drivers.test.Regression_AlejaStackTest_0_10000_3.test1905(Regression_AlejaStackTest_0_10000_3.java:41264)
448) test1911(experiment.drivers.test.Regression_AlejaStackTest_0_10000_3)
java.lang.AssertionError: Expected exception of type experiment.util.EmptyStackException; message: null
	at org.junit.Assert.fail(Assert.java:89)
	at experiment.drivers.test.Regression_AlejaStackTest_0_10000_3.test1911(Regression_AlejaStackTest_0_10000_3.java:41860)
449) test1919(experiment.drivers.test.Regression_AlejaStackTest_0_10000_3)
java.lang.AssertionError: Expected exception of type experiment.util.EmptyStackException; message: null
	at org.junit.Assert.fail(Assert.java:89)
	at experiment.drivers.test.Regression_AlejaStackTest_0_10000_3.test1919(Regression_AlejaStackTest_0_10000_3.java:42787)
450) test1925(experiment.drivers.test.Regression_AlejaStackTest_0_10000_3)
java.lang.AssertionError: Expected exception of type experiment.util.EmptyStackException; message: null
	at org.junit.Assert.fail(Assert.java:89)
	at experiment.drivers.test.Regression_AlejaStackTest_0_10000_3.test1925(Regression_AlejaStackTest_0_10000_3.java:43515)
451) test1930(experiment.drivers.test.Regression_AlejaStackTest_0_10000_3)
java.lang.AssertionError: Expected exception of type experiment.util.EmptyStackException; message: null
	at org.junit.Assert.fail(Assert.java:89)
	at experiment.drivers.test.Regression_AlejaStackTest_0_10000_3.test1930(Regression_AlejaStackTest_0_10000_3.java:43954)
452) test1942(experiment.drivers.test.Regression_AlejaStackTest_0_10000_3)
java.lang.AssertionError: Expected exception of type experiment.util.EmptyStackException; message: null
	at org.junit.Assert.fail(Assert.java:89)
	at experiment.drivers.test.Regression_AlejaStackTest_0_10000_3.test1942(Regression_AlejaStackTest_0_10000_3.java:45079)
453) test1953(experiment.drivers.test.Regression_AlejaStackTest_0_10000_3)
java.lang.AssertionError: Expected exception of type experiment.util.EmptyStackException; message: null
	at org.junit.Assert.fail(Assert.java:89)
	at experiment.drivers.test.Regression_AlejaStackTest_0_10000_3.test1953(Regression_AlejaStackTest_0_10000_3.java:46161)
454) test1954(experiment.drivers.test.Regression_AlejaStackTest_0_10000_3)
java.lang.AssertionError: Expected exception of type experiment.util.EmptyStackException; message: null
	at org.junit.Assert.fail(Assert.java:89)
	at experiment.drivers.test.Regression_AlejaStackTest_0_10000_3.test1954(Regression_AlejaStackTest_0_10000_3.java:46290)
455) test1955(experiment.drivers.test.Regression_AlejaStackTest_0_10000_3)
java.lang.AssertionError: Expected exception of type experiment.util.EmptyStackException; message: null
	at org.junit.Assert.fail(Assert.java:89)
	at experiment.drivers.test.Regression_AlejaStackTest_0_10000_3.test1955(Regression_AlejaStackTest_0_10000_3.java:46438)
456) test1956(experiment.drivers.test.Regression_AlejaStackTest_0_10000_3)
java.lang.IndexOutOfBoundsException
	at experiment.util.ArrayList.remove(ArrayList.java:144)
	at experiment.util.Stack.pop(Stack.java:51)
	at experiment.drivers.AlejaStackTestDriver.pop(AlejaStackTestDriver.java:47)
	at experiment.drivers.test.Regression_AlejaStackTest_0_10000_3.test1956(Regression_AlejaStackTest_0_10000_3.java:46550)
457) test1964(experiment.drivers.test.Regression_AlejaStackTest_0_10000_3)
java.lang.AssertionError: Expected exception of type experiment.util.EmptyStackException; message: null
	at org.junit.Assert.fail(Assert.java:89)
	at experiment.drivers.test.Regression_AlejaStackTest_0_10000_3.test1964(Regression_AlejaStackTest_0_10000_3.java:47343)
458) test1976(experiment.drivers.test.Regression_AlejaStackTest_0_10000_3)
java.lang.AssertionError: Expected exception of type experiment.util.EmptyStackException; message: null
	at org.junit.Assert.fail(Assert.java:89)
	at experiment.drivers.test.Regression_AlejaStackTest_0_10000_3.test1976(Regression_AlejaStackTest_0_10000_3.java:48468)
459) test1977(experiment.drivers.test.Regression_AlejaStackTest_0_10000_3)
java.lang.IndexOutOfBoundsException
	at experiment.util.ArrayList.remove(ArrayList.java:144)
	at experiment.util.Stack.pop(Stack.java:51)
	at experiment.drivers.AlejaStackTestDriver.pop(AlejaStackTestDriver.java:47)
	at experiment.drivers.test.Regression_AlejaStackTest_0_10000_3.test1977(Regression_AlejaStackTest_0_10000_3.java:48564)
460) test1979(experiment.drivers.test.Regression_AlejaStackTest_0_10000_3)
java.lang.AssertionError: Expected exception of type experiment.util.EmptyStackException; message: null
	at org.junit.Assert.fail(Assert.java:89)
	at experiment.drivers.test.Regression_AlejaStackTest_0_10000_3.test1979(Regression_AlejaStackTest_0_10000_3.java:48749)
461) test1981(experiment.drivers.test.Regression_AlejaStackTest_0_10000_3)
java.lang.IndexOutOfBoundsException
	at experiment.util.ArrayList.remove(ArrayList.java:144)
	at experiment.util.Stack.pop(Stack.java:51)
	at experiment.drivers.AlejaStackTestDriver.pop(AlejaStackTestDriver.java:47)
	at experiment.drivers.test.Regression_AlejaStackTest_0_10000_3.test1981(Regression_AlejaStackTest_0_10000_3.java:48938)
462) test1983(experiment.drivers.test.Regression_AlejaStackTest_0_10000_3)
java.lang.AssertionError: Expected exception of type experiment.util.EmptyStackException; message: null
	at org.junit.Assert.fail(Assert.java:89)
	at experiment.drivers.test.Regression_AlejaStackTest_0_10000_3.test1983(Regression_AlejaStackTest_0_10000_3.java:49173)
463) test1984(experiment.drivers.test.Regression_AlejaStackTest_0_10000_3)
java.lang.AssertionError: Expected exception of type experiment.util.EmptyStackException; message: null
	at org.junit.Assert.fail(Assert.java:89)
	at experiment.drivers.test.Regression_AlejaStackTest_0_10000_3.test1984(Regression_AlejaStackTest_0_10000_3.java:49304)
464) test1989(experiment.drivers.test.Regression_AlejaStackTest_0_10000_3)
java.lang.AssertionError: Expected exception of type experiment.util.EmptyStackException; message: null
	at org.junit.Assert.fail(Assert.java:89)
	at experiment.drivers.test.Regression_AlejaStackTest_0_10000_3.test1989(Regression_AlejaStackTest_0_10000_3.java:49924)
465) test1993(experiment.drivers.test.Regression_AlejaStackTest_0_10000_3)
java.lang.AssertionError: Expected exception of type experiment.util.EmptyStackException; message: null
	at org.junit.Assert.fail(Assert.java:89)
	at experiment.drivers.test.Regression_AlejaStackTest_0_10000_3.test1993(Regression_AlejaStackTest_0_10000_3.java:50205)
466) test1997(experiment.drivers.test.Regression_AlejaStackTest_0_10000_3)
java.lang.AssertionError: Expected exception of type experiment.util.EmptyStackException; message: null
	at org.junit.Assert.fail(Assert.java:89)
	at experiment.drivers.test.Regression_AlejaStackTest_0_10000_3.test1997(Regression_AlejaStackTest_0_10000_3.java:50470)
467) test2001(experiment.drivers.test.Regression_AlejaStackTest_0_10000_4)
java.lang.AssertionError: Expected exception of type experiment.util.EmptyStackException; message: null
	at org.junit.Assert.fail(Assert.java:89)
	at experiment.drivers.test.Regression_AlejaStackTest_0_10000_4.test2001(Regression_AlejaStackTest_0_10000_4.java:75)
468) test2012(experiment.drivers.test.Regression_AlejaStackTest_0_10000_4)
java.lang.AssertionError: Expected exception of type experiment.util.EmptyStackException; message: null
	at org.junit.Assert.fail(Assert.java:89)
	at experiment.drivers.test.Regression_AlejaStackTest_0_10000_4.test2012(Regression_AlejaStackTest_0_10000_4.java:1287)
469) test2016(experiment.drivers.test.Regression_AlejaStackTest_0_10000_4)
java.lang.AssertionError: Expected exception of type experiment.util.EmptyStackException; message: null
	at org.junit.Assert.fail(Assert.java:89)
	at experiment.drivers.test.Regression_AlejaStackTest_0_10000_4.test2016(Regression_AlejaStackTest_0_10000_4.java:1628)
470) test2019(experiment.drivers.test.Regression_AlejaStackTest_0_10000_4)
java.lang.AssertionError: Expected exception of type experiment.util.EmptyStackException; message: null
	at org.junit.Assert.fail(Assert.java:89)
	at experiment.drivers.test.Regression_AlejaStackTest_0_10000_4.test2019(Regression_AlejaStackTest_0_10000_4.java:1947)
471) test2020(experiment.drivers.test.Regression_AlejaStackTest_0_10000_4)
java.lang.AssertionError: Expected exception of type experiment.util.EmptyStackException; message: null
	at org.junit.Assert.fail(Assert.java:89)
	at experiment.drivers.test.Regression_AlejaStackTest_0_10000_4.test2020(Regression_AlejaStackTest_0_10000_4.java:2018)
472) test2024(experiment.drivers.test.Regression_AlejaStackTest_0_10000_4)
java.lang.AssertionError: Expected exception of type experiment.util.EmptyStackException; message: null
	at org.junit.Assert.fail(Assert.java:89)
	at experiment.drivers.test.Regression_AlejaStackTest_0_10000_4.test2024(Regression_AlejaStackTest_0_10000_4.java:2508)
473) test2029(experiment.drivers.test.Regression_AlejaStackTest_0_10000_4)
java.lang.AssertionError: Expected exception of type experiment.util.EmptyStackException; message: null
	at org.junit.Assert.fail(Assert.java:89)
	at experiment.drivers.test.Regression_AlejaStackTest_0_10000_4.test2029(Regression_AlejaStackTest_0_10000_4.java:3047)
474) test2035(experiment.drivers.test.Regression_AlejaStackTest_0_10000_4)
java.lang.AssertionError: Expected exception of type experiment.util.EmptyStackException; message: null
	at org.junit.Assert.fail(Assert.java:89)
	at experiment.drivers.test.Regression_AlejaStackTest_0_10000_4.test2035(Regression_AlejaStackTest_0_10000_4.java:3586)
475) test2036(experiment.drivers.test.Regression_AlejaStackTest_0_10000_4)
java.lang.AssertionError: Expected exception of type experiment.util.EmptyStackException; message: null
	at org.junit.Assert.fail(Assert.java:89)
	at experiment.drivers.test.Regression_AlejaStackTest_0_10000_4.test2036(Regression_AlejaStackTest_0_10000_4.java:3692)

FAILURES!!!
Tests run: 2037,  Failures: 475

